# Logfile created on 2014-04-19 19:25:04 +0530 by logger.rb/44203
I, [2014-04-19T19:25:04.894288 #8388]  INFO -- : 0:  rake (10.3.1) from /home/enbake/.rvm/gems/ruby-2.1.0/specifications/rake-10.3.1.gemspec
I, [2014-04-19T19:25:04.894887 #8388]  INFO -- : 0:  i18n (0.6.9) from /home/enbake/.rvm/gems/ruby-2.1.0/specifications/i18n-0.6.9.gemspec
I, [2014-04-19T19:25:06.489988 #8388]  INFO -- : 0:  json (1.8.1) from /home/enbake/.rvm/gems/ruby-2.1.0/specifications/json-1.8.1.gemspec
I, [2014-04-19T19:25:06.490788 #8388]  INFO -- : 0:  minitest (5.3.3) from /home/enbake/.rvm/gems/ruby-2.1.0/specifications/minitest-5.3.3.gemspec
I, [2014-04-19T19:25:06.491211 #8388]  INFO -- : 0:  thread_safe (0.3.3) from /home/enbake/.rvm/gems/ruby-2.1.0/specifications/thread_safe-0.3.3.gemspec
I, [2014-04-19T19:25:06.491693 #8388]  INFO -- : 0:  tzinfo (1.1.0) from /home/enbake/.rvm/gems/ruby-2.1.0/specifications/tzinfo-1.1.0.gemspec
I, [2014-04-19T19:25:06.492168 #8388]  INFO -- : 0:  activesupport (4.1.0) from /home/enbake/.rvm/gems/ruby-2.1.0/specifications/activesupport-4.1.0.gemspec
I, [2014-04-19T19:25:06.492666 #8388]  INFO -- : 0:  builder (3.2.2) from /home/enbake/.rvm/gems/ruby-2.1.0/specifications/builder-3.2.2.gemspec
I, [2014-04-19T19:25:06.493079 #8388]  INFO -- : 0:  erubis (2.7.0) from /home/enbake/.rvm/gems/ruby-2.1.0/specifications/erubis-2.7.0.gemspec
I, [2014-04-19T19:25:06.493671 #8388]  INFO -- : 0:  actionview (4.1.0) from /home/enbake/.rvm/gems/ruby-2.1.0/specifications/actionview-4.1.0.gemspec
I, [2014-04-19T19:25:06.494112 #8388]  INFO -- : 0:  rack (1.5.2) from /home/enbake/.rvm/gems/ruby-2.1.0/specifications/rack-1.5.2.gemspec
I, [2014-04-19T19:25:06.494723 #8388]  INFO -- : 0:  rack-test (0.6.2) from /home/enbake/.rvm/gems/ruby-2.1.0/specifications/rack-test-0.6.2.gemspec
I, [2014-04-19T19:25:06.495223 #8388]  INFO -- : 0:  actionpack (4.1.0) from /home/enbake/.rvm/gems/ruby-2.1.0/specifications/actionpack-4.1.0.gemspec
I, [2014-04-19T19:25:06.495667 #8388]  INFO -- : 0:  mime-types (1.25.1) from /home/enbake/.rvm/gems/ruby-2.1.0/specifications/mime-types-1.25.1.gemspec
I, [2014-04-19T19:25:06.496151 #8388]  INFO -- : 0:  polyglot (0.3.4) from /home/enbake/.rvm/gems/ruby-2.1.0/specifications/polyglot-0.3.4.gemspec
I, [2014-04-19T19:25:06.496599 #8388]  INFO -- : 0:  treetop (1.4.15) from /home/enbake/.rvm/gems/ruby-2.1.0/specifications/treetop-1.4.15.gemspec
I, [2014-04-19T19:25:06.497069 #8388]  INFO -- : 0:  mail (2.5.4) from /home/enbake/.rvm/gems/ruby-2.1.0/specifications/mail-2.5.4.gemspec
I, [2014-04-19T19:25:06.497546 #8388]  INFO -- : 0:  actionmailer (4.1.0) from /home/enbake/.rvm/gems/ruby-2.1.0/specifications/actionmailer-4.1.0.gemspec
I, [2014-04-19T19:25:06.498001 #8388]  INFO -- : 0:  activemodel (4.1.0) from /home/enbake/.rvm/gems/ruby-2.1.0/specifications/activemodel-4.1.0.gemspec
I, [2014-04-19T19:25:06.498460 #8388]  INFO -- : 0:  arel (5.0.1.20140414130214) from /home/enbake/.rvm/gems/ruby-2.1.0/specifications/arel-5.0.1.20140414130214.gemspec
I, [2014-04-19T19:25:06.498944 #8388]  INFO -- : 0:  activerecord (4.1.0) from /home/enbake/.rvm/gems/ruby-2.1.0/specifications/activerecord-4.1.0.gemspec
I, [2014-04-19T19:25:06.499406 #8388]  INFO -- : 0:  bundler (1.5.0) from /home/enbake/.rvm/gems/ruby-2.1.0@global/specifications/bundler-1.5.0.gemspec
I, [2014-04-19T19:25:10.980600 #8388]  INFO -- : 0:  coffee-script-source (1.7.0) from /home/enbake/.rvm/gems/ruby-2.1.0/specifications/coffee-script-source-1.7.0.gemspec
I, [2014-04-19T19:25:16.260667 #8388]  INFO -- : 0:  execjs (2.0.2) from /home/enbake/.rvm/gems/ruby-2.1.0/specifications/execjs-2.0.2.gemspec
I, [2014-04-19T19:25:19.540074 #8388]  INFO -- : 0:  coffee-script (2.2.0) from /home/enbake/.rvm/gems/ruby-2.1.0/specifications/coffee-script-2.2.0.gemspec
I, [2014-04-19T19:25:19.540677 #8388]  INFO -- : 0:  thor (0.19.1) from /home/enbake/.rvm/gems/ruby-2.1.0/specifications/thor-0.19.1.gemspec
I, [2014-04-19T19:25:19.541148 #8388]  INFO -- : 0:  railties (4.1.0) from /home/enbake/.rvm/gems/ruby-2.1.0/specifications/railties-4.1.0.gemspec
I, [2014-04-19T19:25:23.512216 #8388]  INFO -- : 0:  coffee-rails (4.0.1) from /home/enbake/.rvm/gems/ruby-2.1.0/specifications/coffee-rails-4.0.1.gemspec
I, [2014-04-19T19:25:23.512906 #8388]  INFO -- : 0:  hike (1.2.3) from /home/enbake/.rvm/gems/ruby-2.1.0/specifications/hike-1.2.3.gemspec
I, [2014-04-19T19:25:23.513387 #8388]  INFO -- : 0:  multi_json (1.9.2) from /home/enbake/.rvm/gems/ruby-2.1.0/specifications/multi_json-1.9.2.gemspec
I, [2014-04-19T19:25:28.370533 #8388]  INFO -- : 0:  jbuilder (2.0.6) from /home/enbake/.rvm/gems/ruby-2.1.0/specifications/jbuilder-2.0.6.gemspec
I, [2014-04-19T19:25:36.473428 #8388]  INFO -- : 0:  jquery-rails (3.1.0) from /home/enbake/.rvm/gems/ruby-2.1.0/specifications/jquery-rails-3.1.0.gemspec
I, [2014-04-19T19:25:36.474055 #8388]  INFO -- : 0:  tilt (1.4.1) from /home/enbake/.rvm/gems/ruby-2.1.0/specifications/tilt-1.4.1.gemspec
I, [2014-04-19T19:25:41.343290 #8388]  INFO -- : 0:  sprockets (2.11.0) from /home/enbake/.rvm/gems/ruby-2.1.0/specifications/sprockets-2.11.0.gemspec
I, [2014-04-19T19:25:41.344048 #8388]  INFO -- : 0:  sprockets-rails (2.1.3) from /home/enbake/.rvm/gems/ruby-2.1.0/specifications/sprockets-rails-2.1.3.gemspec
I, [2014-04-19T19:25:41.344541 #8388]  INFO -- : 0:  rails (4.1.0) from /home/enbake/.rvm/gems/ruby-2.1.0/specifications/rails-4.1.0.gemspec
I, [2014-04-19T19:25:54.542509 #8388]  INFO -- : 0:  rdoc (4.1.1) from /home/enbake/.rvm/gems/ruby-2.1.0/specifications/rdoc-4.1.1.gemspec
I, [2014-04-19T19:26:00.876890 #8388]  INFO -- : 0:  sass (3.2.19) from /home/enbake/.rvm/gems/ruby-2.1.0/specifications/sass-3.2.19.gemspec
I, [2014-04-19T19:26:06.391601 #8388]  INFO -- : 0:  sass-rails (4.0.3) from /home/enbake/.rvm/gems/ruby-2.1.0/specifications/sass-rails-4.0.3.gemspec
I, [2014-04-19T19:26:12.885063 #8388]  INFO -- : 0:  sdoc (0.4.0) from /home/enbake/.rvm/gems/ruby-2.1.0/specifications/sdoc-0.4.0.gemspec
I, [2014-04-19T19:26:17.667304 #8388]  INFO -- : 0:  spring (1.1.2) from /home/enbake/.rvm/gems/ruby-2.1.0/specifications/spring-1.1.2.gemspec
I, [2014-04-19T19:26:26.650000 #8388]  INFO -- : 0:  sqlite3 (1.3.9) from /home/enbake/.rvm/gems/ruby-2.1.0/specifications/sqlite3-1.3.9.gemspec
I, [2014-04-19T19:26:30.575730 #8388]  INFO -- : 0:  turbolinks (2.2.2) from /home/enbake/.rvm/gems/ruby-2.1.0/specifications/turbolinks-2.2.2.gemspec
I, [2014-04-19T19:26:38.472430 #8388]  INFO -- : 0:  uglifier (2.5.0) from /home/enbake/.rvm/gems/ruby-2.1.0/specifications/uglifier-2.5.0.gemspec
I, [2014-04-19T19:28:55.119273 #9955]  INFO -- : 0:  rake (10.3.1) from /home/enbake/.rvm/gems/ruby-2.1.0@puneet/specifications/rake-10.3.1.gemspec
I, [2014-04-19T19:28:59.530576 #9955]  INFO -- : 0:  i18n (0.6.9) from /home/enbake/.rvm/gems/ruby-2.1.0@puneet/specifications/i18n-0.6.9.gemspec
E, [2014-04-19T19:28:59.531669 #9955] ERROR -- : Bundler::GemNotFound: Could not find json-1.8.1.gem for installation
/home/enbake/.rvm/gems/ruby-2.1.0@global/gems/bundler-1.5.0/lib/bundler/source/rubygems.rb:149:in `cached_gem'  \n/home/enbake/.rvm/gems/ruby-2.1.0@global/gems/bundler-1.5.0/lib/bundler/source/rubygems.rb:84:in `install'  \n/home/enbake/.rvm/gems/ruby-2.1.0@global/gems/bundler-1.5.0/lib/bundler/installer.rb:111:in `block in install_gem_from_spec'  \n/home/enbake/.rvm/gems/ruby-2.1.0@global/gems/bundler-1.5.0/lib/bundler/rubygems_integration.rb:150:in `with_build_args'  \n/home/enbake/.rvm/gems/ruby-2.1.0@global/gems/bundler-1.5.0/lib/bundler/installer.rb:110:in `install_gem_from_spec'  \n/home/enbake/.rvm/gems/ruby-2.1.0@global/gems/bundler-1.5.0/lib/bundler/installer.rb:295:in `block in install_sequentially'  \n/home/enbake/.rvm/rubies/ruby-2.1.0/lib/ruby/2.1.0/forwardable.rb:183:in `each'  \n/home/enbake/.rvm/rubies/ruby-2.1.0/lib/ruby/2.1.0/forwardable.rb:183:in `each'  \n/home/enbake/.rvm/gems/ruby-2.1.0@global/gems/bundler-1.5.0/lib/bundler/installer.rb:294:in `install_sequentially'  \n/home/enbake/.rvm/gems/ruby-2.1.0@global/gems/bundler-1.5.0/lib/bundler/installer.rb:97:in `run'  \n/home/enbake/.rvm/gems/ruby-2.1.0@global/gems/bundler-1.5.0/lib/bundler/installer.rb:15:in `install'  \n/home/enbake/.rvm/gems/ruby-2.1.0@global/gems/bundler-1.5.0/lib/bundler/cli.rb:257:in `install'  \n/home/enbake/.rvm/gems/ruby-2.1.0@global/gems/bundler-1.5.0/lib/bundler/vendor/thor/command.rb:27:in `run'  \n/home/enbake/.rvm/gems/ruby-2.1.0@global/gems/bundler-1.5.0/lib/bundler/vendor/thor/invocation.rb:120:in `invoke_command'  \n/home/enbake/.rvm/gems/ruby-2.1.0@global/gems/bundler-1.5.0/lib/bundler/vendor/thor.rb:363:in `dispatch'  \n/home/enbake/.rvm/gems/ruby-2.1.0@global/gems/bundler-1.5.0/lib/bundler/vendor/thor/base.rb:438:in `start'  \n/home/enbake/.rvm/gems/ruby-2.1.0@global/gems/bundler-1.5.0/lib/bundler/cli.rb:10:in `start'  \n/home/enbake/.rvm/gems/ruby-2.1.0@global/gems/bundler-1.5.0/bin/bundle:22:in `block in <top (required)>'  \n/home/enbake/.rvm/gems/ruby-2.1.0@global/gems/bundler-1.5.0/lib/bundler/friendly_errors.rb:5:in `with_friendly_errors'  \n/home/enbake/.rvm/gems/ruby-2.1.0@global/gems/bundler-1.5.0/bin/bundle:22:in `<top (required)>'  \n/home/enbake/.rvm/gems/ruby-2.1.0@global/bin/bundle:23:in `load'  \n/home/enbake/.rvm/gems/ruby-2.1.0@global/bin/bundle:23:in `<main>'  \n/home/enbake/.rvm/gems/ruby-2.1.0@global/bin/ruby_executable_hooks:15:in `eval'  \n/home/enbake/.rvm/gems/ruby-2.1.0@global/bin/ruby_executable_hooks:15:in `<main>'
I, [2014-04-19T19:30:12.098039 #10016]  INFO -- : 0:  rake (10.3.1) from /home/enbake/.rvm/gems/ruby-2.1.0@puneet/specifications/rake-10.3.1.gemspec
I, [2014-04-19T19:30:12.098696 #10016]  INFO -- : 0:  i18n (0.6.9) from /home/enbake/.rvm/gems/ruby-2.1.0@puneet/specifications/i18n-0.6.9.gemspec
I, [2014-04-19T19:30:13.543449 #10016]  INFO -- : 0:  json (1.8.1) from /home/enbake/.rvm/gems/ruby-2.1.0@puneet/specifications/json-1.8.1.gemspec
I, [2014-04-19T19:30:18.512384 #10016]  INFO -- : 0:  minitest (5.3.3) from /home/enbake/.rvm/gems/ruby-2.1.0@puneet/specifications/minitest-5.3.3.gemspec
I, [2014-04-19T19:30:24.217856 #10016]  INFO -- : 0:  thread_safe (0.3.3) from /home/enbake/.rvm/gems/ruby-2.1.0@puneet/specifications/thread_safe-0.3.3.gemspec
I, [2014-04-19T19:30:30.224950 #10016]  INFO -- : 0:  tzinfo (1.1.0) from /home/enbake/.rvm/gems/ruby-2.1.0@puneet/specifications/tzinfo-1.1.0.gemspec
I, [2014-04-19T19:30:39.832179 #10016]  INFO -- : 0:  activesupport (4.1.0) from /home/enbake/.rvm/gems/ruby-2.1.0@puneet/specifications/activesupport-4.1.0.gemspec
I, [2014-04-19T19:30:43.903181 #10016]  INFO -- : 0:  builder (3.2.2) from /home/enbake/.rvm/gems/ruby-2.1.0@puneet/specifications/builder-3.2.2.gemspec
I, [2014-04-19T19:30:50.489042 #10016]  INFO -- : 0:  erubis (2.7.0) from /home/enbake/.rvm/gems/ruby-2.1.0@puneet/specifications/erubis-2.7.0.gemspec
I, [2014-04-19T19:30:55.710168 #10016]  INFO -- : 0:  actionview (4.1.0) from /home/enbake/.rvm/gems/ruby-2.1.0@puneet/specifications/actionview-4.1.0.gemspec
I, [2014-04-19T19:31:03.073153 #10016]  INFO -- : 0:  rack (1.5.2) from /home/enbake/.rvm/gems/ruby-2.1.0@puneet/specifications/rack-1.5.2.gemspec
I, [2014-04-19T19:31:06.735848 #10016]  INFO -- : 0:  rack-test (0.6.2) from /home/enbake/.rvm/gems/ruby-2.1.0@puneet/specifications/rack-test-0.6.2.gemspec
I, [2014-04-19T19:31:11.899102 #10016]  INFO -- : 0:  actionpack (4.1.0) from /home/enbake/.rvm/gems/ruby-2.1.0@puneet/specifications/actionpack-4.1.0.gemspec
I, [2014-04-19T19:31:16.880235 #10016]  INFO -- : 0:  mime-types (1.25.1) from /home/enbake/.rvm/gems/ruby-2.1.0@puneet/specifications/mime-types-1.25.1.gemspec
I, [2014-04-19T19:31:20.394029 #10016]  INFO -- : 0:  polyglot (0.3.4) from /home/enbake/.rvm/gems/ruby-2.1.0@puneet/specifications/polyglot-0.3.4.gemspec
I, [2014-04-19T19:31:26.546491 #10016]  INFO -- : 0:  treetop (1.4.15) from /home/enbake/.rvm/gems/ruby-2.1.0@puneet/specifications/treetop-1.4.15.gemspec
I, [2014-04-19T19:31:40.595744 #10016]  INFO -- : 0:  mail (2.5.4) from /home/enbake/.rvm/gems/ruby-2.1.0@puneet/specifications/mail-2.5.4.gemspec
I, [2014-04-19T19:31:44.844757 #10016]  INFO -- : 0:  actionmailer (4.1.0) from /home/enbake/.rvm/gems/ruby-2.1.0@puneet/specifications/actionmailer-4.1.0.gemspec
I, [2014-04-19T19:31:49.160610 #10016]  INFO -- : 0:  activemodel (4.1.0) from /home/enbake/.rvm/gems/ruby-2.1.0@puneet/specifications/activemodel-4.1.0.gemspec
I, [2014-04-19T19:31:54.278468 #10016]  INFO -- : 0:  arel (5.0.1.20140414130214) from /home/enbake/.rvm/gems/ruby-2.1.0@puneet/specifications/arel-5.0.1.20140414130214.gemspec
I, [2014-04-19T19:32:02.229078 #10016]  INFO -- : 0:  activerecord (4.1.0) from /home/enbake/.rvm/gems/ruby-2.1.0@puneet/specifications/activerecord-4.1.0.gemspec
I, [2014-04-19T19:32:06.789618 #10016]  INFO -- : 0:  coffee-script-source (1.7.0) from /home/enbake/.rvm/gems/ruby-2.1.0@puneet/specifications/coffee-script-source-1.7.0.gemspec
I, [2014-04-19T19:32:12.015121 #10016]  INFO -- : 0:  execjs (2.0.2) from /home/enbake/.rvm/gems/ruby-2.1.0@puneet/specifications/execjs-2.0.2.gemspec
I, [2014-04-19T19:32:15.232396 #10016]  INFO -- : 0:  coffee-script (2.2.0) from /home/enbake/.rvm/gems/ruby-2.1.0@puneet/specifications/coffee-script-2.2.0.gemspec
I, [2014-04-19T19:32:22.855651 #10016]  INFO -- : 0:  thor (0.19.1) from /home/enbake/.rvm/gems/ruby-2.1.0@puneet/specifications/thor-0.19.1.gemspec
I, [2014-04-19T19:32:28.578357 #10016]  INFO -- : 0:  railties (4.1.0) from /home/enbake/.rvm/gems/ruby-2.1.0@puneet/specifications/railties-4.1.0.gemspec
I, [2014-04-19T19:32:32.083711 #10016]  INFO -- : 0:  coffee-rails (4.0.1) from /home/enbake/.rvm/gems/ruby-2.1.0@puneet/specifications/coffee-rails-4.0.1.gemspec
I, [2014-04-19T19:32:35.744594 #10016]  INFO -- : 0:  hike (1.2.3) from /home/enbake/.rvm/gems/ruby-2.1.0@puneet/specifications/hike-1.2.3.gemspec
I, [2014-04-19T19:32:39.658736 #10016]  INFO -- : 0:  multi_json (1.9.2) from /home/enbake/.rvm/gems/ruby-2.1.0@puneet/specifications/multi_json-1.9.2.gemspec
I, [2014-04-19T19:32:43.517074 #10016]  INFO -- : 0:  jbuilder (2.0.6) from /home/enbake/.rvm/gems/ruby-2.1.0@puneet/specifications/jbuilder-2.0.6.gemspec
I, [2014-04-19T19:32:48.610819 #10016]  INFO -- : 0:  jquery-rails (3.1.0) from /home/enbake/.rvm/gems/ruby-2.1.0@puneet/specifications/jquery-rails-3.1.0.gemspec
I, [2014-04-19T19:32:48.611406 #10016]  INFO -- : 0:  bundler (1.5.0) from /home/enbake/.rvm/gems/ruby-2.1.0@global/specifications/bundler-1.5.0.gemspec
I, [2014-04-19T19:32:54.237611 #10016]  INFO -- : 0:  tilt (1.4.1) from /home/enbake/.rvm/gems/ruby-2.1.0@puneet/specifications/tilt-1.4.1.gemspec
I, [2014-04-19T19:32:58.262193 #10016]  INFO -- : 0:  sprockets (2.11.0) from /home/enbake/.rvm/gems/ruby-2.1.0@puneet/specifications/sprockets-2.11.0.gemspec
I, [2014-04-19T19:33:02.033143 #10016]  INFO -- : 0:  sprockets-rails (2.1.3) from /home/enbake/.rvm/gems/ruby-2.1.0@puneet/specifications/sprockets-rails-2.1.3.gemspec
I, [2014-04-19T19:33:21.113352 #10016]  INFO -- : 0:  rails (4.1.0) from /home/enbake/.rvm/gems/ruby-2.1.0@puneet/specifications/rails-4.1.0.gemspec
I, [2014-04-19T19:33:39.359760 #10016]  INFO -- : 0:  rdoc (4.1.1) from /home/enbake/.rvm/gems/ruby-2.1.0@puneet/specifications/rdoc-4.1.1.gemspec
I, [2014-04-19T19:33:54.648271 #10016]  INFO -- : 0:  sass (3.2.19) from /home/enbake/.rvm/gems/ruby-2.1.0@puneet/specifications/sass-3.2.19.gemspec
I, [2014-04-19T19:34:00.053436 #10016]  INFO -- : 0:  sass-rails (4.0.3) from /home/enbake/.rvm/gems/ruby-2.1.0@puneet/specifications/sass-rails-4.0.3.gemspec
I, [2014-04-19T19:34:10.568372 #10016]  INFO -- : 0:  sdoc (0.4.0) from /home/enbake/.rvm/gems/ruby-2.1.0@puneet/specifications/sdoc-0.4.0.gemspec
I, [2014-04-19T19:34:15.275158 #10016]  INFO -- : 0:  spring (1.1.2) from /home/enbake/.rvm/gems/ruby-2.1.0@puneet/specifications/spring-1.1.2.gemspec
I, [2014-04-19T19:34:24.069632 #10016]  INFO -- : 0:  sqlite3 (1.3.9) from /home/enbake/.rvm/gems/ruby-2.1.0@puneet/specifications/sqlite3-1.3.9.gemspec
I, [2014-04-19T19:34:28.351624 #10016]  INFO -- : 0:  turbolinks (2.2.2) from /home/enbake/.rvm/gems/ruby-2.1.0@puneet/specifications/turbolinks-2.2.2.gemspec
I, [2014-04-19T19:34:33.266799 #10016]  INFO -- : 0:  uglifier (2.5.0) from /home/enbake/.rvm/gems/ruby-2.1.0@puneet/specifications/uglifier-2.5.0.gemspec
I, [2014-04-19T19:35:29.521265 #11796]  INFO -- : 0:  rake (10.3.1) from /home/enbake/.rvm/gems/ruby-2.1.0@puneet/specifications/rake-10.3.1.gemspec
I, [2014-04-19T19:35:29.521876 #11796]  INFO -- : 0:  i18n (0.6.9) from /home/enbake/.rvm/gems/ruby-2.1.0@puneet/specifications/i18n-0.6.9.gemspec
I, [2014-04-19T19:35:31.001222 #11796]  INFO -- : 0:  json (1.8.1) from /home/enbake/.rvm/gems/ruby-2.1.0@puneet/specifications/json-1.8.1.gemspec
I, [2014-04-19T19:35:31.002512 #11796]  INFO -- : 0:  minitest (5.3.3) from /home/enbake/.rvm/gems/ruby-2.1.0@puneet/specifications/minitest-5.3.3.gemspec
I, [2014-04-19T19:35:31.003567 #11796]  INFO -- : 0:  thread_safe (0.3.3) from /home/enbake/.rvm/gems/ruby-2.1.0@puneet/specifications/thread_safe-0.3.3.gemspec
I, [2014-04-19T19:35:31.004480 #11796]  INFO -- : 0:  tzinfo (1.1.0) from /home/enbake/.rvm/gems/ruby-2.1.0@puneet/specifications/tzinfo-1.1.0.gemspec
I, [2014-04-19T19:35:31.005481 #11796]  INFO -- : 0:  activesupport (4.1.0) from /home/enbake/.rvm/gems/ruby-2.1.0@puneet/specifications/activesupport-4.1.0.gemspec
I, [2014-04-19T19:35:31.006380 #11796]  INFO -- : 0:  builder (3.2.2) from /home/enbake/.rvm/gems/ruby-2.1.0@puneet/specifications/builder-3.2.2.gemspec
I, [2014-04-19T19:35:31.007336 #11796]  INFO -- : 0:  erubis (2.7.0) from /home/enbake/.rvm/gems/ruby-2.1.0@puneet/specifications/erubis-2.7.0.gemspec
I, [2014-04-19T19:35:31.008370 #11796]  INFO -- : 0:  actionview (4.1.0) from /home/enbake/.rvm/gems/ruby-2.1.0@puneet/specifications/actionview-4.1.0.gemspec
I, [2014-04-19T19:35:31.009274 #11796]  INFO -- : 0:  rack (1.5.2) from /home/enbake/.rvm/gems/ruby-2.1.0@puneet/specifications/rack-1.5.2.gemspec
I, [2014-04-19T19:35:31.010337 #11796]  INFO -- : 0:  rack-test (0.6.2) from /home/enbake/.rvm/gems/ruby-2.1.0@puneet/specifications/rack-test-0.6.2.gemspec
I, [2014-04-19T19:35:31.011356 #11796]  INFO -- : 0:  actionpack (4.1.0) from /home/enbake/.rvm/gems/ruby-2.1.0@puneet/specifications/actionpack-4.1.0.gemspec
I, [2014-04-19T19:35:31.012244 #11796]  INFO -- : 0:  mime-types (1.25.1) from /home/enbake/.rvm/gems/ruby-2.1.0@puneet/specifications/mime-types-1.25.1.gemspec
I, [2014-04-19T19:35:31.013024 #11796]  INFO -- : 0:  polyglot (0.3.4) from /home/enbake/.rvm/gems/ruby-2.1.0@puneet/specifications/polyglot-0.3.4.gemspec
I, [2014-04-19T19:35:31.013821 #11796]  INFO -- : 0:  treetop (1.4.15) from /home/enbake/.rvm/gems/ruby-2.1.0@puneet/specifications/treetop-1.4.15.gemspec
I, [2014-04-19T19:35:31.014752 #11796]  INFO -- : 0:  mail (2.5.4) from /home/enbake/.rvm/gems/ruby-2.1.0@puneet/specifications/mail-2.5.4.gemspec
I, [2014-04-19T19:35:31.015648 #11796]  INFO -- : 0:  actionmailer (4.1.0) from /home/enbake/.rvm/gems/ruby-2.1.0@puneet/specifications/actionmailer-4.1.0.gemspec
I, [2014-04-19T19:35:31.016651 #11796]  INFO -- : 0:  activemodel (4.1.0) from /home/enbake/.rvm/gems/ruby-2.1.0@puneet/specifications/activemodel-4.1.0.gemspec
I, [2014-04-19T19:35:31.017567 #11796]  INFO -- : 0:  arel (5.0.1.20140414130214) from /home/enbake/.rvm/gems/ruby-2.1.0@puneet/specifications/arel-5.0.1.20140414130214.gemspec
I, [2014-04-19T19:35:31.018471 #11796]  INFO -- : 0:  activerecord (4.1.0) from /home/enbake/.rvm/gems/ruby-2.1.0@puneet/specifications/activerecord-4.1.0.gemspec
I, [2014-04-19T19:35:37.240767 #11796]  INFO -- : 0:  bcrypt (3.1.7) from /home/enbake/.rvm/gems/ruby-2.1.0@puneet/specifications/bcrypt-3.1.7.gemspec
I, [2014-04-19T19:35:37.242029 #11796]  INFO -- : 0:  sass (3.2.19) from /home/enbake/.rvm/gems/ruby-2.1.0@puneet/specifications/sass-3.2.19.gemspec
I, [2014-04-19T19:35:44.589685 #11796]  INFO -- : 0:  bootstrap-sass (3.1.1.1) from /home/enbake/.rvm/gems/ruby-2.1.0@puneet/specifications/bootstrap-sass-3.1.1.1.gemspec
I, [2014-04-19T19:35:44.590243 #11796]  INFO -- : 0:  thor (0.19.1) from /home/enbake/.rvm/gems/ruby-2.1.0@puneet/specifications/thor-0.19.1.gemspec
I, [2014-04-19T19:35:49.072798 #11796]  INFO -- : 0:  bourbon (3.1.8) from /home/enbake/.rvm/gems/ruby-2.1.0@puneet/specifications/bourbon-3.1.8.gemspec
I, [2014-04-19T19:35:49.073784 #11796]  INFO -- : 0:  bundler (1.5.0) from /home/enbake/.rvm/gems/ruby-2.1.0@global/specifications/bundler-1.5.0.gemspec
I, [2014-04-19T19:35:53.908595 #11796]  INFO -- : 0:  cancan (1.6.10) from /home/enbake/.rvm/gems/ruby-2.1.0@puneet/specifications/cancan-1.6.10.gemspec
I, [2014-04-19T19:35:53.909643 #11796]  INFO -- : 0:  coffee-script-source (1.7.0) from /home/enbake/.rvm/gems/ruby-2.1.0@puneet/specifications/coffee-script-source-1.7.0.gemspec
I, [2014-04-19T19:35:53.910541 #11796]  INFO -- : 0:  execjs (2.0.2) from /home/enbake/.rvm/gems/ruby-2.1.0@puneet/specifications/execjs-2.0.2.gemspec
I, [2014-04-19T19:35:53.911451 #11796]  INFO -- : 0:  coffee-script (2.2.0) from /home/enbake/.rvm/gems/ruby-2.1.0@puneet/specifications/coffee-script-2.2.0.gemspec
I, [2014-04-19T19:35:53.912351 #11796]  INFO -- : 0:  railties (4.1.0) from /home/enbake/.rvm/gems/ruby-2.1.0@puneet/specifications/railties-4.1.0.gemspec
I, [2014-04-19T19:35:53.913237 #11796]  INFO -- : 0:  coffee-rails (4.0.1) from /home/enbake/.rvm/gems/ruby-2.1.0@puneet/specifications/coffee-rails-4.0.1.gemspec
I, [2014-04-19T19:35:57.634533 #11796]  INFO -- : 0:  columnize (0.3.6) from /home/enbake/.rvm/gems/ruby-2.1.0@puneet/specifications/columnize-0.3.6.gemspec
I, [2014-04-19T19:36:01.414228 #11796]  INFO -- : 0:  debugger-linecache (1.2.0) from /home/enbake/.rvm/gems/ruby-2.1.0@puneet/specifications/debugger-linecache-1.2.0.gemspec
I, [2014-04-19T19:36:18.171715 #11796]  INFO -- : 0:  debugger-ruby_core_source (1.3.2) from /home/enbake/.rvm/gems/ruby-2.1.0@puneet/specifications/debugger-ruby_core_source-1.3.2.gemspec
I, [2014-04-19T19:36:35.697524 #11796]  INFO -- : 0:  debugger (1.6.6) from /home/enbake/.rvm/gems/ruby-2.1.0@puneet/specifications/debugger-1.6.6.gemspec
I, [2014-04-19T19:36:39.501764 #11796]  INFO -- : 0:  orm_adapter (0.5.0) from /home/enbake/.rvm/gems/ruby-2.1.0@puneet/specifications/orm_adapter-0.5.0.gemspec
I, [2014-04-19T19:36:43.647599 #11796]  INFO -- : 0:  warden (1.2.3) from /home/enbake/.rvm/gems/ruby-2.1.0@puneet/specifications/warden-1.2.3.gemspec
I, [2014-04-19T19:36:50.708369 #11796]  INFO -- : 0:  devise (3.2.4) from /home/enbake/.rvm/gems/ruby-2.1.0@puneet/specifications/devise-3.2.4.gemspec
I, [2014-04-19T19:36:50.708998 #11796]  INFO -- : 0:  tilt (1.4.1) from /home/enbake/.rvm/gems/ruby-2.1.0@puneet/specifications/tilt-1.4.1.gemspec
I, [2014-04-19T19:36:57.202497 #11796]  INFO -- : 0:  haml (4.0.5) from /home/enbake/.rvm/gems/ruby-2.1.0@puneet/specifications/haml-4.0.5.gemspec
I, [2014-04-19T19:37:01.385618 #11796]  INFO -- : 0:  haml-rails (0.5.3) from /home/enbake/.rvm/gems/ruby-2.1.0@puneet/specifications/haml-rails-0.5.3.gemspec
I, [2014-04-19T19:37:01.386257 #11796]  INFO -- : 0:  hike (1.2.3) from /home/enbake/.rvm/gems/ruby-2.1.0@puneet/specifications/hike-1.2.3.gemspec
I, [2014-04-19T19:37:01.386924 #11796]  INFO -- : 0:  multi_json (1.9.2) from /home/enbake/.rvm/gems/ruby-2.1.0@puneet/specifications/multi_json-1.9.2.gemspec
I, [2014-04-19T19:37:01.387516 #11796]  INFO -- : 0:  jbuilder (2.0.6) from /home/enbake/.rvm/gems/ruby-2.1.0@puneet/specifications/jbuilder-2.0.6.gemspec
I, [2014-04-19T19:37:01.388026 #11796]  INFO -- : 0:  jquery-rails (3.1.0) from /home/enbake/.rvm/gems/ruby-2.1.0@puneet/specifications/jquery-rails-3.1.0.gemspec
I, [2014-04-19T19:37:20.295187 #11796]  INFO -- : 0:  pg (0.17.1) from /home/enbake/.rvm/gems/ruby-2.1.0@puneet/specifications/pg-0.17.1.gemspec
I, [2014-04-19T19:37:20.296003 #11796]  INFO -- : 0:  sprockets (2.11.0) from /home/enbake/.rvm/gems/ruby-2.1.0@puneet/specifications/sprockets-2.11.0.gemspec
I, [2014-04-19T19:37:20.296491 #11796]  INFO -- : 0:  sprockets-rails (2.1.3) from /home/enbake/.rvm/gems/ruby-2.1.0@puneet/specifications/sprockets-rails-2.1.3.gemspec
I, [2014-04-19T19:37:20.296975 #11796]  INFO -- : 0:  rails (4.1.0) from /home/enbake/.rvm/gems/ruby-2.1.0@puneet/specifications/rails-4.1.0.gemspec
I, [2014-04-19T19:37:24.596199 #11796]  INFO -- : 0:  rails_layout (1.0.14) from /home/enbake/.rvm/gems/ruby-2.1.0@puneet/specifications/rails_layout-1.0.14.gemspec
I, [2014-04-19T19:37:24.597333 #11796]  INFO -- : 0:  rdoc (4.1.1) from /home/enbake/.rvm/gems/ruby-2.1.0@puneet/specifications/rdoc-4.1.1.gemspec
I, [2014-04-19T19:37:24.598280 #11796]  INFO -- : 0:  sass-rails (4.0.3) from /home/enbake/.rvm/gems/ruby-2.1.0@puneet/specifications/sass-rails-4.0.3.gemspec
I, [2014-04-19T19:37:24.599191 #11796]  INFO -- : 0:  sdoc (0.4.0) from /home/enbake/.rvm/gems/ruby-2.1.0@puneet/specifications/sdoc-0.4.0.gemspec
I, [2014-04-19T19:37:24.599895 #11796]  INFO -- : 0:  spring (1.1.2) from /home/enbake/.rvm/gems/ruby-2.1.0@puneet/specifications/spring-1.1.2.gemspec
I, [2014-04-19T19:37:24.600541 #11796]  INFO -- : 0:  sqlite3 (1.3.9) from /home/enbake/.rvm/gems/ruby-2.1.0@puneet/specifications/sqlite3-1.3.9.gemspec
I, [2014-04-19T19:37:24.601396 #11796]  INFO -- : 0:  turbolinks (2.2.2) from /home/enbake/.rvm/gems/ruby-2.1.0@puneet/specifications/turbolinks-2.2.2.gemspec
I, [2014-04-19T19:37:24.602140 #11796]  INFO -- : 0:  uglifier (2.5.0) from /home/enbake/.rvm/gems/ruby-2.1.0@puneet/specifications/uglifier-2.5.0.gemspec
I, [2014-04-20T19:55:19.831148 #11699]  INFO -- : 0:  rake (10.3.1) from /home/enbake/.rvm/gems/ruby-2.1.0@puneet/specifications/rake-10.3.1.gemspec
I, [2014-04-20T19:55:19.854421 #11699]  INFO -- : 0:  i18n (0.6.9) from /home/enbake/.rvm/gems/ruby-2.1.0@puneet/specifications/i18n-0.6.9.gemspec
I, [2014-04-20T19:55:23.391189 #11699]  INFO -- : 0:  json (1.8.1) from /home/enbake/.rvm/gems/ruby-2.1.0@puneet/specifications/json-1.8.1.gemspec
I, [2014-04-20T19:55:23.392756 #11699]  INFO -- : 0:  minitest (5.3.3) from /home/enbake/.rvm/gems/ruby-2.1.0@puneet/specifications/minitest-5.3.3.gemspec
I, [2014-04-20T19:55:23.393697 #11699]  INFO -- : 0:  thread_safe (0.3.3) from /home/enbake/.rvm/gems/ruby-2.1.0@puneet/specifications/thread_safe-0.3.3.gemspec
I, [2014-04-20T19:55:23.394743 #11699]  INFO -- : 0:  tzinfo (1.1.0) from /home/enbake/.rvm/gems/ruby-2.1.0@puneet/specifications/tzinfo-1.1.0.gemspec
I, [2014-04-20T19:55:23.395838 #11699]  INFO -- : 0:  activesupport (4.1.0) from /home/enbake/.rvm/gems/ruby-2.1.0@puneet/specifications/activesupport-4.1.0.gemspec
I, [2014-04-20T19:55:23.396746 #11699]  INFO -- : 0:  builder (3.2.2) from /home/enbake/.rvm/gems/ruby-2.1.0@puneet/specifications/builder-3.2.2.gemspec
I, [2014-04-20T19:55:23.397752 #11699]  INFO -- : 0:  erubis (2.7.0) from /home/enbake/.rvm/gems/ruby-2.1.0@puneet/specifications/erubis-2.7.0.gemspec
I, [2014-04-20T19:55:23.398705 #11699]  INFO -- : 0:  actionview (4.1.0) from /home/enbake/.rvm/gems/ruby-2.1.0@puneet/specifications/actionview-4.1.0.gemspec
I, [2014-04-20T19:55:23.399428 #11699]  INFO -- : 0:  rack (1.5.2) from /home/enbake/.rvm/gems/ruby-2.1.0@puneet/specifications/rack-1.5.2.gemspec
I, [2014-04-20T19:55:23.399959 #11699]  INFO -- : 0:  rack-test (0.6.2) from /home/enbake/.rvm/gems/ruby-2.1.0@puneet/specifications/rack-test-0.6.2.gemspec
I, [2014-04-20T19:55:23.400436 #11699]  INFO -- : 0:  actionpack (4.1.0) from /home/enbake/.rvm/gems/ruby-2.1.0@puneet/specifications/actionpack-4.1.0.gemspec
I, [2014-04-20T19:55:23.400958 #11699]  INFO -- : 0:  mime-types (1.25.1) from /home/enbake/.rvm/gems/ruby-2.1.0@puneet/specifications/mime-types-1.25.1.gemspec
I, [2014-04-20T19:55:23.401424 #11699]  INFO -- : 0:  polyglot (0.3.4) from /home/enbake/.rvm/gems/ruby-2.1.0@puneet/specifications/polyglot-0.3.4.gemspec
I, [2014-04-20T19:55:23.401912 #11699]  INFO -- : 0:  treetop (1.4.15) from /home/enbake/.rvm/gems/ruby-2.1.0@puneet/specifications/treetop-1.4.15.gemspec
I, [2014-04-20T19:55:23.402491 #11699]  INFO -- : 0:  mail (2.5.4) from /home/enbake/.rvm/gems/ruby-2.1.0@puneet/specifications/mail-2.5.4.gemspec
I, [2014-04-20T19:55:23.403052 #11699]  INFO -- : 0:  actionmailer (4.1.0) from /home/enbake/.rvm/gems/ruby-2.1.0@puneet/specifications/actionmailer-4.1.0.gemspec
I, [2014-04-20T19:55:23.403610 #11699]  INFO -- : 0:  activemodel (4.1.0) from /home/enbake/.rvm/gems/ruby-2.1.0@puneet/specifications/activemodel-4.1.0.gemspec
I, [2014-04-20T19:55:23.404177 #11699]  INFO -- : 0:  arel (5.0.1.20140414130214) from /home/enbake/.rvm/gems/ruby-2.1.0@puneet/specifications/arel-5.0.1.20140414130214.gemspec
I, [2014-04-20T19:55:23.404832 #11699]  INFO -- : 0:  activerecord (4.1.0) from /home/enbake/.rvm/gems/ruby-2.1.0@puneet/specifications/activerecord-4.1.0.gemspec
I, [2014-04-20T19:55:23.405434 #11699]  INFO -- : 0:  bcrypt (3.1.7) from /home/enbake/.rvm/gems/ruby-2.1.0@puneet/specifications/bcrypt-3.1.7.gemspec
I, [2014-04-20T19:55:23.405944 #11699]  INFO -- : 0:  sass (3.2.19) from /home/enbake/.rvm/gems/ruby-2.1.0@puneet/specifications/sass-3.2.19.gemspec
I, [2014-04-20T19:55:23.406528 #11699]  INFO -- : 0:  bootstrap-sass (3.1.1.1) from /home/enbake/.rvm/gems/ruby-2.1.0@puneet/specifications/bootstrap-sass-3.1.1.1.gemspec
I, [2014-04-20T19:55:23.407049 #11699]  INFO -- : 0:  thor (0.19.1) from /home/enbake/.rvm/gems/ruby-2.1.0@puneet/specifications/thor-0.19.1.gemspec
I, [2014-04-20T19:55:23.407589 #11699]  INFO -- : 0:  bourbon (3.1.8) from /home/enbake/.rvm/gems/ruby-2.1.0@puneet/specifications/bourbon-3.1.8.gemspec
I, [2014-04-20T19:55:23.408191 #11699]  INFO -- : 0:  cancan (1.6.10) from /home/enbake/.rvm/gems/ruby-2.1.0@puneet/specifications/cancan-1.6.10.gemspec
I, [2014-04-20T19:55:23.408774 #11699]  INFO -- : 0:  coffee-script-source (1.7.0) from /home/enbake/.rvm/gems/ruby-2.1.0@puneet/specifications/coffee-script-source-1.7.0.gemspec
I, [2014-04-20T19:55:23.409372 #11699]  INFO -- : 0:  execjs (2.0.2) from /home/enbake/.rvm/gems/ruby-2.1.0@puneet/specifications/execjs-2.0.2.gemspec
I, [2014-04-20T19:55:23.411356 #11699]  INFO -- : 0:  coffee-script (2.2.0) from /home/enbake/.rvm/gems/ruby-2.1.0@puneet/specifications/coffee-script-2.2.0.gemspec
I, [2014-04-20T19:55:23.411964 #11699]  INFO -- : 0:  railties (4.1.0) from /home/enbake/.rvm/gems/ruby-2.1.0@puneet/specifications/railties-4.1.0.gemspec
I, [2014-04-20T19:55:23.412535 #11699]  INFO -- : 0:  coffee-rails (4.0.1) from /home/enbake/.rvm/gems/ruby-2.1.0@puneet/specifications/coffee-rails-4.0.1.gemspec
I, [2014-04-20T19:55:23.413118 #11699]  INFO -- : 0:  columnize (0.3.6) from /home/enbake/.rvm/gems/ruby-2.1.0@puneet/specifications/columnize-0.3.6.gemspec
I, [2014-04-20T19:55:23.413548 #11699]  INFO -- : 0:  debugger-linecache (1.2.0) from /home/enbake/.rvm/gems/ruby-2.1.0@puneet/specifications/debugger-linecache-1.2.0.gemspec
I, [2014-04-20T19:55:23.414101 #11699]  INFO -- : 0:  debugger-ruby_core_source (1.3.2) from /home/enbake/.rvm/gems/ruby-2.1.0@puneet/specifications/debugger-ruby_core_source-1.3.2.gemspec
I, [2014-04-20T19:55:23.414683 #11699]  INFO -- : 0:  debugger (1.6.6) from /home/enbake/.rvm/gems/ruby-2.1.0@puneet/specifications/debugger-1.6.6.gemspec
I, [2014-04-20T19:55:23.415265 #11699]  INFO -- : 0:  orm_adapter (0.5.0) from /home/enbake/.rvm/gems/ruby-2.1.0@puneet/specifications/orm_adapter-0.5.0.gemspec
I, [2014-04-20T19:55:23.415693 #11699]  INFO -- : 0:  warden (1.2.3) from /home/enbake/.rvm/gems/ruby-2.1.0@puneet/specifications/warden-1.2.3.gemspec
I, [2014-04-20T19:55:23.416235 #11699]  INFO -- : 0:  devise (3.2.4) from /home/enbake/.rvm/gems/ruby-2.1.0@puneet/specifications/devise-3.2.4.gemspec
I, [2014-04-20T19:55:23.416766 #11699]  INFO -- : 0:  tilt (1.4.1) from /home/enbake/.rvm/gems/ruby-2.1.0@puneet/specifications/tilt-1.4.1.gemspec
I, [2014-04-20T19:55:23.417258 #11699]  INFO -- : 0:  haml (4.0.5) from /home/enbake/.rvm/gems/ruby-2.1.0@puneet/specifications/haml-4.0.5.gemspec
I, [2014-04-20T19:55:23.417746 #11699]  INFO -- : 0:  haml-rails (0.5.3) from /home/enbake/.rvm/gems/ruby-2.1.0@puneet/specifications/haml-rails-0.5.3.gemspec
I, [2014-04-20T19:55:23.418298 #11699]  INFO -- : 0:  hike (1.2.3) from /home/enbake/.rvm/gems/ruby-2.1.0@puneet/specifications/hike-1.2.3.gemspec
I, [2014-04-20T19:55:23.418726 #11699]  INFO -- : 0:  multi_json (1.9.2) from /home/enbake/.rvm/gems/ruby-2.1.0@puneet/specifications/multi_json-1.9.2.gemspec
I, [2014-04-20T19:55:23.419273 #11699]  INFO -- : 0:  jbuilder (2.0.6) from /home/enbake/.rvm/gems/ruby-2.1.0@puneet/specifications/jbuilder-2.0.6.gemspec
I, [2014-04-20T19:55:23.419816 #11699]  INFO -- : 0:  jquery-rails (3.1.0) from /home/enbake/.rvm/gems/ruby-2.1.0@puneet/specifications/jquery-rails-3.1.0.gemspec
I, [2014-04-20T19:55:23.420253 #11699]  INFO -- : 0:  pg (0.17.1) from /home/enbake/.rvm/gems/ruby-2.1.0@puneet/specifications/pg-0.17.1.gemspec
I, [2014-04-20T19:55:23.420834 #11699]  INFO -- : 0:  bundler (1.5.0) from /home/enbake/.rvm/gems/ruby-2.1.0@global/specifications/bundler-1.5.0.gemspec
I, [2014-04-20T19:55:23.421354 #11699]  INFO -- : 0:  sprockets (2.11.0) from /home/enbake/.rvm/gems/ruby-2.1.0@puneet/specifications/sprockets-2.11.0.gemspec
I, [2014-04-20T19:55:23.421777 #11699]  INFO -- : 0:  sprockets-rails (2.1.3) from /home/enbake/.rvm/gems/ruby-2.1.0@puneet/specifications/sprockets-rails-2.1.3.gemspec
I, [2014-04-20T19:55:23.422313 #11699]  INFO -- : 0:  rails (4.1.0) from /home/enbake/.rvm/gems/ruby-2.1.0@puneet/specifications/rails-4.1.0.gemspec
I, [2014-04-20T19:55:23.422844 #11699]  INFO -- : 0:  rails_layout (1.0.14) from /home/enbake/.rvm/gems/ruby-2.1.0@puneet/specifications/rails_layout-1.0.14.gemspec
I, [2014-04-20T19:55:23.423306 #11699]  INFO -- : 0:  rdoc (4.1.1) from /home/enbake/.rvm/gems/ruby-2.1.0@puneet/specifications/rdoc-4.1.1.gemspec
I, [2014-04-20T19:55:23.423832 #11699]  INFO -- : 0:  sass-rails (4.0.3) from /home/enbake/.rvm/gems/ruby-2.1.0@puneet/specifications/sass-rails-4.0.3.gemspec
I, [2014-04-20T19:55:23.424252 #11699]  INFO -- : 0:  sdoc (0.4.0) from /home/enbake/.rvm/gems/ruby-2.1.0@puneet/specifications/sdoc-0.4.0.gemspec
I, [2014-04-20T19:55:23.424793 #11699]  INFO -- : 0:  spring (1.1.2) from /home/enbake/.rvm/gems/ruby-2.1.0@puneet/specifications/spring-1.1.2.gemspec
I, [2014-04-20T19:55:23.425251 #11699]  INFO -- : 0:  turbolinks (2.2.2) from /home/enbake/.rvm/gems/ruby-2.1.0@puneet/specifications/turbolinks-2.2.2.gemspec
I, [2014-04-20T19:55:23.425798 #11699]  INFO -- : 0:  uglifier (2.5.0) from /home/enbake/.rvm/gems/ruby-2.1.0@puneet/specifications/uglifier-2.5.0.gemspec
I, [2014-05-23T23:45:31.904418 #4957]  INFO -- : 0:  rake (10.3.1) from /home/enbake/.rvm/gems/ruby-2.1.0@puneet/specifications/rake-10.3.1.gemspec
I, [2014-05-23T23:45:31.905033 #4957]  INFO -- : 0:  i18n (0.6.9) from /home/enbake/.rvm/gems/ruby-2.1.0@puneet/specifications/i18n-0.6.9.gemspec
I, [2014-05-23T23:45:35.774516 #4957]  INFO -- : 0:  json (1.8.1) from /home/enbake/.rvm/gems/ruby-2.1.0@puneet/specifications/json-1.8.1.gemspec
I, [2014-05-23T23:45:35.775916 #4957]  INFO -- : 0:  minitest (5.3.3) from /home/enbake/.rvm/gems/ruby-2.1.0@puneet/specifications/minitest-5.3.3.gemspec
I, [2014-05-23T23:45:35.776841 #4957]  INFO -- : 0:  thread_safe (0.3.3) from /home/enbake/.rvm/gems/ruby-2.1.0@puneet/specifications/thread_safe-0.3.3.gemspec
I, [2014-05-23T23:45:35.777863 #4957]  INFO -- : 0:  tzinfo (1.1.0) from /home/enbake/.rvm/gems/ruby-2.1.0@puneet/specifications/tzinfo-1.1.0.gemspec
I, [2014-05-23T23:45:35.778861 #4957]  INFO -- : 0:  activesupport (4.1.0) from /home/enbake/.rvm/gems/ruby-2.1.0@puneet/specifications/activesupport-4.1.0.gemspec
I, [2014-05-23T23:45:35.779782 #4957]  INFO -- : 0:  builder (3.2.2) from /home/enbake/.rvm/gems/ruby-2.1.0@puneet/specifications/builder-3.2.2.gemspec
I, [2014-05-23T23:45:35.780244 #4957]  INFO -- : 0:  erubis (2.7.0) from /home/enbake/.rvm/gems/ruby-2.1.0@puneet/specifications/erubis-2.7.0.gemspec
I, [2014-05-23T23:45:35.780683 #4957]  INFO -- : 0:  actionview (4.1.0) from /home/enbake/.rvm/gems/ruby-2.1.0@puneet/specifications/actionview-4.1.0.gemspec
I, [2014-05-23T23:45:35.781174 #4957]  INFO -- : 0:  rack (1.5.2) from /home/enbake/.rvm/gems/ruby-2.1.0@puneet/specifications/rack-1.5.2.gemspec
I, [2014-05-23T23:45:35.781611 #4957]  INFO -- : 0:  rack-test (0.6.2) from /home/enbake/.rvm/gems/ruby-2.1.0@puneet/specifications/rack-test-0.6.2.gemspec
I, [2014-05-23T23:45:35.782070 #4957]  INFO -- : 0:  actionpack (4.1.0) from /home/enbake/.rvm/gems/ruby-2.1.0@puneet/specifications/actionpack-4.1.0.gemspec
I, [2014-05-23T23:45:35.782505 #4957]  INFO -- : 0:  mime-types (1.25.1) from /home/enbake/.rvm/gems/ruby-2.1.0@puneet/specifications/mime-types-1.25.1.gemspec
I, [2014-05-23T23:45:35.782953 #4957]  INFO -- : 0:  polyglot (0.3.4) from /home/enbake/.rvm/gems/ruby-2.1.0@puneet/specifications/polyglot-0.3.4.gemspec
I, [2014-05-23T23:45:35.783465 #4957]  INFO -- : 0:  treetop (1.4.15) from /home/enbake/.rvm/gems/ruby-2.1.0@puneet/specifications/treetop-1.4.15.gemspec
I, [2014-05-23T23:45:35.783915 #4957]  INFO -- : 0:  mail (2.5.4) from /home/enbake/.rvm/gems/ruby-2.1.0@puneet/specifications/mail-2.5.4.gemspec
I, [2014-05-23T23:45:35.784386 #4957]  INFO -- : 0:  actionmailer (4.1.0) from /home/enbake/.rvm/gems/ruby-2.1.0@puneet/specifications/actionmailer-4.1.0.gemspec
I, [2014-05-23T23:45:35.784825 #4957]  INFO -- : 0:  activemodel (4.1.0) from /home/enbake/.rvm/gems/ruby-2.1.0@puneet/specifications/activemodel-4.1.0.gemspec
I, [2014-05-23T23:45:35.785271 #4957]  INFO -- : 0:  arel (5.0.1.20140414130214) from /home/enbake/.rvm/gems/ruby-2.1.0@puneet/specifications/arel-5.0.1.20140414130214.gemspec
I, [2014-05-23T23:45:35.785700 #4957]  INFO -- : 0:  activerecord (4.1.0) from /home/enbake/.rvm/gems/ruby-2.1.0@puneet/specifications/activerecord-4.1.0.gemspec
I, [2014-05-23T23:45:35.786171 #4957]  INFO -- : 0:  bcrypt (3.1.7) from /home/enbake/.rvm/gems/ruby-2.1.0@puneet/specifications/bcrypt-3.1.7.gemspec
I, [2014-05-23T23:45:35.786612 #4957]  INFO -- : 0:  sass (3.2.19) from /home/enbake/.rvm/gems/ruby-2.1.0@puneet/specifications/sass-3.2.19.gemspec
I, [2014-05-23T23:45:35.787054 #4957]  INFO -- : 0:  bootstrap-sass (3.1.1.1) from /home/enbake/.rvm/gems/ruby-2.1.0@puneet/specifications/bootstrap-sass-3.1.1.1.gemspec
I, [2014-05-23T23:45:35.787509 #4957]  INFO -- : 0:  thor (0.19.1) from /home/enbake/.rvm/gems/ruby-2.1.0@puneet/specifications/thor-0.19.1.gemspec
I, [2014-05-23T23:45:35.787961 #4957]  INFO -- : 0:  bourbon (3.1.8) from /home/enbake/.rvm/gems/ruby-2.1.0@puneet/specifications/bourbon-3.1.8.gemspec
I, [2014-05-23T23:45:35.788428 #4957]  INFO -- : 0:  bundler (1.5.0) from /home/enbake/.rvm/gems/ruby-2.1.0@global/specifications/bundler-1.5.0.gemspec
I, [2014-05-23T23:45:35.788976 #4957]  INFO -- : 0:  cancan (1.6.10) from /home/enbake/.rvm/gems/ruby-2.1.0@puneet/specifications/cancan-1.6.10.gemspec
I, [2014-05-23T23:45:35.789457 #4957]  INFO -- : 0:  coffee-script-source (1.7.0) from /home/enbake/.rvm/gems/ruby-2.1.0@puneet/specifications/coffee-script-source-1.7.0.gemspec
I, [2014-05-23T23:45:35.789897 #4957]  INFO -- : 0:  execjs (2.0.2) from /home/enbake/.rvm/gems/ruby-2.1.0@puneet/specifications/execjs-2.0.2.gemspec
I, [2014-05-23T23:45:35.790363 #4957]  INFO -- : 0:  coffee-script (2.2.0) from /home/enbake/.rvm/gems/ruby-2.1.0@puneet/specifications/coffee-script-2.2.0.gemspec
I, [2014-05-23T23:45:35.790814 #4957]  INFO -- : 0:  railties (4.1.0) from /home/enbake/.rvm/gems/ruby-2.1.0@puneet/specifications/railties-4.1.0.gemspec
I, [2014-05-23T23:45:35.791248 #4957]  INFO -- : 0:  coffee-rails (4.0.1) from /home/enbake/.rvm/gems/ruby-2.1.0@puneet/specifications/coffee-rails-4.0.1.gemspec
I, [2014-05-23T23:45:35.791733 #4957]  INFO -- : 0:  columnize (0.3.6) from /home/enbake/.rvm/gems/ruby-2.1.0@puneet/specifications/columnize-0.3.6.gemspec
I, [2014-05-23T23:45:35.792174 #4957]  INFO -- : 0:  debugger-linecache (1.2.0) from /home/enbake/.rvm/gems/ruby-2.1.0@puneet/specifications/debugger-linecache-1.2.0.gemspec
I, [2014-05-23T23:45:35.792638 #4957]  INFO -- : 0:  debugger-ruby_core_source (1.3.2) from /home/enbake/.rvm/gems/ruby-2.1.0@puneet/specifications/debugger-ruby_core_source-1.3.2.gemspec
I, [2014-05-23T23:45:35.793075 #4957]  INFO -- : 0:  debugger (1.6.6) from /home/enbake/.rvm/gems/ruby-2.1.0@puneet/specifications/debugger-1.6.6.gemspec
I, [2014-05-23T23:45:35.793539 #4957]  INFO -- : 0:  orm_adapter (0.5.0) from /home/enbake/.rvm/gems/ruby-2.1.0@puneet/specifications/orm_adapter-0.5.0.gemspec
I, [2014-05-23T23:45:35.793987 #4957]  INFO -- : 0:  warden (1.2.3) from /home/enbake/.rvm/gems/ruby-2.1.0@puneet/specifications/warden-1.2.3.gemspec
I, [2014-05-23T23:45:35.794419 #4957]  INFO -- : 0:  devise (3.2.4) from /home/enbake/.rvm/gems/ruby-2.1.0@puneet/specifications/devise-3.2.4.gemspec
I, [2014-05-23T23:45:39.612362 #4957]  INFO -- : 0:  multipart-post (2.0.0) from /home/enbake/.rvm/gems/ruby-2.1.0@puneet/specifications/multipart-post-2.0.0.gemspec
I, [2014-05-23T23:45:43.450986 #4957]  INFO -- : 0:  faraday (0.9.0) from /home/enbake/.rvm/gems/ruby-2.1.0@puneet/specifications/faraday-0.9.0.gemspec
I, [2014-05-23T23:45:43.452020 #4957]  INFO -- : 0:  tilt (1.4.1) from /home/enbake/.rvm/gems/ruby-2.1.0@puneet/specifications/tilt-1.4.1.gemspec
I, [2014-05-23T23:45:43.452937 #4957]  INFO -- : 0:  haml (4.0.5) from /home/enbake/.rvm/gems/ruby-2.1.0@puneet/specifications/haml-4.0.5.gemspec
I, [2014-05-23T23:45:43.453794 #4957]  INFO -- : 0:  haml-rails (0.5.3) from /home/enbake/.rvm/gems/ruby-2.1.0@puneet/specifications/haml-rails-0.5.3.gemspec
I, [2014-05-23T23:45:47.431534 #4957]  INFO -- : 0:  hashie (2.1.1) from /home/enbake/.rvm/gems/ruby-2.1.0@puneet/specifications/hashie-2.1.1.gemspec
I, [2014-05-23T23:45:47.432642 #4957]  INFO -- : 0:  hike (1.2.3) from /home/enbake/.rvm/gems/ruby-2.1.0@puneet/specifications/hike-1.2.3.gemspec
I, [2014-05-23T23:45:47.433546 #4957]  INFO -- : 0:  multi_json (1.9.2) from /home/enbake/.rvm/gems/ruby-2.1.0@puneet/specifications/multi_json-1.9.2.gemspec
I, [2014-05-23T23:45:47.434414 #4957]  INFO -- : 0:  jbuilder (2.0.6) from /home/enbake/.rvm/gems/ruby-2.1.0@puneet/specifications/jbuilder-2.0.6.gemspec
I, [2014-05-23T23:45:47.435335 #4957]  INFO -- : 0:  jquery-rails (3.1.0) from /home/enbake/.rvm/gems/ruby-2.1.0@puneet/specifications/jquery-rails-3.1.0.gemspec
I, [2014-05-23T23:45:51.077724 #4957]  INFO -- : 0:  jwt (0.1.13) from /home/enbake/.rvm/gems/ruby-2.1.0@puneet/specifications/jwt-0.1.13.gemspec
I, [2014-05-23T23:45:54.914597 #4957]  INFO -- : 0:  multi_xml (0.5.5) from /home/enbake/.rvm/gems/ruby-2.1.0@puneet/specifications/multi_xml-0.5.5.gemspec
I, [2014-05-23T23:45:58.809823 #4957]  INFO -- : 0:  oauth (0.4.7) from /home/enbake/.rvm/gems/ruby-2.1.0@puneet/specifications/oauth-0.4.7.gemspec
I, [2014-05-23T23:46:01.381906 #4957]  INFO -- : 0:  oauth2 (0.9.3) from /home/enbake/.rvm/gems/ruby-2.1.0@puneet/specifications/oauth2-0.9.3.gemspec
I, [2014-05-23T23:46:05.167027 #4957]  INFO -- : 0:  omniauth (1.2.1) from /home/enbake/.rvm/gems/ruby-2.1.0@puneet/specifications/omniauth-1.2.1.gemspec
I, [2014-05-23T23:46:07.790624 #4957]  INFO -- : 0:  omniauth-oauth2 (1.1.2) from /home/enbake/.rvm/gems/ruby-2.1.0@puneet/specifications/omniauth-oauth2-1.1.2.gemspec
I, [2014-05-23T23:46:10.428641 #4957]  INFO -- : 0:  omniauth-facebook (1.6.0) from /home/enbake/.rvm/gems/ruby-2.1.0@puneet/specifications/omniauth-facebook-1.6.0.gemspec
I, [2014-05-23T23:46:13.853670 #4957]  INFO -- : 0:  omniauth-oauth (1.0.1) from /home/enbake/.rvm/gems/ruby-2.1.0@puneet/specifications/omniauth-oauth-1.0.1.gemspec
I, [2014-05-23T23:46:16.391353 #4957]  INFO -- : 0:  omniauth-linkedin (0.1.0) from /home/enbake/.rvm/gems/ruby-2.1.0@puneet/specifications/omniauth-linkedin-0.1.0.gemspec
I, [2014-05-23T23:46:16.391997 #4957]  INFO -- : 0:  pg (0.17.1) from /home/enbake/.rvm/gems/ruby-2.1.0@puneet/specifications/pg-0.17.1.gemspec
I, [2014-05-23T23:46:16.392425 #4957]  INFO -- : 0:  sprockets (2.11.0) from /home/enbake/.rvm/gems/ruby-2.1.0@puneet/specifications/sprockets-2.11.0.gemspec
I, [2014-05-23T23:46:16.392853 #4957]  INFO -- : 0:  sprockets-rails (2.1.3) from /home/enbake/.rvm/gems/ruby-2.1.0@puneet/specifications/sprockets-rails-2.1.3.gemspec
I, [2014-05-23T23:46:16.393272 #4957]  INFO -- : 0:  rails (4.1.0) from /home/enbake/.rvm/gems/ruby-2.1.0@puneet/specifications/rails-4.1.0.gemspec
I, [2014-05-23T23:46:16.393674 #4957]  INFO -- : 0:  rails_layout (1.0.14) from /home/enbake/.rvm/gems/ruby-2.1.0@puneet/specifications/rails_layout-1.0.14.gemspec
I, [2014-05-23T23:46:16.394107 #4957]  INFO -- : 0:  rdoc (4.1.1) from /home/enbake/.rvm/gems/ruby-2.1.0@puneet/specifications/rdoc-4.1.1.gemspec
I, [2014-05-23T23:46:16.394565 #4957]  INFO -- : 0:  sass-rails (4.0.3) from /home/enbake/.rvm/gems/ruby-2.1.0@puneet/specifications/sass-rails-4.0.3.gemspec
I, [2014-05-23T23:46:16.394973 #4957]  INFO -- : 0:  sdoc (0.4.0) from /home/enbake/.rvm/gems/ruby-2.1.0@puneet/specifications/sdoc-0.4.0.gemspec
I, [2014-05-23T23:46:16.395416 #4957]  INFO -- : 0:  spring (1.1.2) from /home/enbake/.rvm/gems/ruby-2.1.0@puneet/specifications/spring-1.1.2.gemspec
I, [2014-05-23T23:46:16.395852 #4957]  INFO -- : 0:  turbolinks (2.2.2) from /home/enbake/.rvm/gems/ruby-2.1.0@puneet/specifications/turbolinks-2.2.2.gemspec
I, [2014-05-23T23:46:16.396275 #4957]  INFO -- : 0:  uglifier (2.5.0) from /home/enbake/.rvm/gems/ruby-2.1.0@puneet/specifications/uglifier-2.5.0.gemspec
I, [2014-05-31T11:25:59.091615 #10665]  INFO -- : 0:  rake (10.3.1) from /home/enbake/.rvm/gems/ruby-2.1.0@puneet/specifications/rake-10.3.1.gemspec
I, [2014-05-31T11:25:59.110908 #10665]  INFO -- : 0:  i18n (0.6.9) from /home/enbake/.rvm/gems/ruby-2.1.0@puneet/specifications/i18n-0.6.9.gemspec
I, [2014-05-31T11:26:02.807071 #10665]  INFO -- : 0:  json (1.8.1) from /home/enbake/.rvm/gems/ruby-2.1.0@puneet/specifications/json-1.8.1.gemspec
I, [2014-05-31T11:26:02.808488 #10665]  INFO -- : 0:  minitest (5.3.3) from /home/enbake/.rvm/gems/ruby-2.1.0@puneet/specifications/minitest-5.3.3.gemspec
I, [2014-05-31T11:26:02.809506 #10665]  INFO -- : 0:  thread_safe (0.3.3) from /home/enbake/.rvm/gems/ruby-2.1.0@puneet/specifications/thread_safe-0.3.3.gemspec
I, [2014-05-31T11:26:02.810478 #10665]  INFO -- : 0:  tzinfo (1.1.0) from /home/enbake/.rvm/gems/ruby-2.1.0@puneet/specifications/tzinfo-1.1.0.gemspec
I, [2014-05-31T11:26:02.811390 #10665]  INFO -- : 0:  activesupport (4.1.0) from /home/enbake/.rvm/gems/ruby-2.1.0@puneet/specifications/activesupport-4.1.0.gemspec
I, [2014-05-31T11:26:02.812314 #10665]  INFO -- : 0:  builder (3.2.2) from /home/enbake/.rvm/gems/ruby-2.1.0@puneet/specifications/builder-3.2.2.gemspec
I, [2014-05-31T11:26:02.813264 #10665]  INFO -- : 0:  erubis (2.7.0) from /home/enbake/.rvm/gems/ruby-2.1.0@puneet/specifications/erubis-2.7.0.gemspec
I, [2014-05-31T11:26:02.814167 #10665]  INFO -- : 0:  actionview (4.1.0) from /home/enbake/.rvm/gems/ruby-2.1.0@puneet/specifications/actionview-4.1.0.gemspec
I, [2014-05-31T11:26:02.815141 #10665]  INFO -- : 0:  rack (1.5.2) from /home/enbake/.rvm/gems/ruby-2.1.0@puneet/specifications/rack-1.5.2.gemspec
I, [2014-05-31T11:26:02.816033 #10665]  INFO -- : 0:  rack-test (0.6.2) from /home/enbake/.rvm/gems/ruby-2.1.0@puneet/specifications/rack-test-0.6.2.gemspec
I, [2014-05-31T11:26:02.816989 #10665]  INFO -- : 0:  actionpack (4.1.0) from /home/enbake/.rvm/gems/ruby-2.1.0@puneet/specifications/actionpack-4.1.0.gemspec
I, [2014-05-31T11:26:02.817880 #10665]  INFO -- : 0:  mime-types (1.25.1) from /home/enbake/.rvm/gems/ruby-2.1.0@puneet/specifications/mime-types-1.25.1.gemspec
I, [2014-05-31T11:26:02.818420 #10665]  INFO -- : 0:  polyglot (0.3.4) from /home/enbake/.rvm/gems/ruby-2.1.0@puneet/specifications/polyglot-0.3.4.gemspec
I, [2014-05-31T11:26:02.819037 #10665]  INFO -- : 0:  treetop (1.4.15) from /home/enbake/.rvm/gems/ruby-2.1.0@puneet/specifications/treetop-1.4.15.gemspec
I, [2014-05-31T11:26:02.819486 #10665]  INFO -- : 0:  mail (2.5.4) from /home/enbake/.rvm/gems/ruby-2.1.0@puneet/specifications/mail-2.5.4.gemspec
I, [2014-05-31T11:26:02.819954 #10665]  INFO -- : 0:  actionmailer (4.1.0) from /home/enbake/.rvm/gems/ruby-2.1.0@puneet/specifications/actionmailer-4.1.0.gemspec
I, [2014-05-31T11:26:02.820396 #10665]  INFO -- : 0:  activemodel (4.1.0) from /home/enbake/.rvm/gems/ruby-2.1.0@puneet/specifications/activemodel-4.1.0.gemspec
I, [2014-05-31T11:26:02.820848 #10665]  INFO -- : 0:  arel (5.0.1.20140414130214) from /home/enbake/.rvm/gems/ruby-2.1.0@puneet/specifications/arel-5.0.1.20140414130214.gemspec
I, [2014-05-31T11:26:02.821295 #10665]  INFO -- : 0:  activerecord (4.1.0) from /home/enbake/.rvm/gems/ruby-2.1.0@puneet/specifications/activerecord-4.1.0.gemspec
I, [2014-05-31T11:26:02.821777 #10665]  INFO -- : 0:  bcrypt (3.1.7) from /home/enbake/.rvm/gems/ruby-2.1.0@puneet/specifications/bcrypt-3.1.7.gemspec
I, [2014-05-31T11:26:02.822210 #10665]  INFO -- : 0:  sass (3.2.19) from /home/enbake/.rvm/gems/ruby-2.1.0@puneet/specifications/sass-3.2.19.gemspec
I, [2014-05-31T11:26:02.822668 #10665]  INFO -- : 0:  bootstrap-sass (3.1.1.1) from /home/enbake/.rvm/gems/ruby-2.1.0@puneet/specifications/bootstrap-sass-3.1.1.1.gemspec
I, [2014-05-31T11:26:02.823144 #10665]  INFO -- : 0:  thor (0.19.1) from /home/enbake/.rvm/gems/ruby-2.1.0@puneet/specifications/thor-0.19.1.gemspec
I, [2014-05-31T11:26:02.823586 #10665]  INFO -- : 0:  bourbon (3.1.8) from /home/enbake/.rvm/gems/ruby-2.1.0@puneet/specifications/bourbon-3.1.8.gemspec
I, [2014-05-31T11:26:02.824078 #10665]  INFO -- : 0:  bundler (1.5.0) from /home/enbake/.rvm/gems/ruby-2.1.0@global/specifications/bundler-1.5.0.gemspec
I, [2014-05-31T11:26:02.824522 #10665]  INFO -- : 0:  cancan (1.6.10) from /home/enbake/.rvm/gems/ruby-2.1.0@puneet/specifications/cancan-1.6.10.gemspec
I, [2014-05-31T11:26:02.825054 #10665]  INFO -- : 0:  coffee-script-source (1.7.0) from /home/enbake/.rvm/gems/ruby-2.1.0@puneet/specifications/coffee-script-source-1.7.0.gemspec
I, [2014-05-31T11:26:02.825495 #10665]  INFO -- : 0:  execjs (2.0.2) from /home/enbake/.rvm/gems/ruby-2.1.0@puneet/specifications/execjs-2.0.2.gemspec
I, [2014-05-31T11:26:02.825935 #10665]  INFO -- : 0:  coffee-script (2.2.0) from /home/enbake/.rvm/gems/ruby-2.1.0@puneet/specifications/coffee-script-2.2.0.gemspec
I, [2014-05-31T11:26:02.826459 #10665]  INFO -- : 0:  railties (4.1.0) from /home/enbake/.rvm/gems/ruby-2.1.0@puneet/specifications/railties-4.1.0.gemspec
I, [2014-05-31T11:26:02.826886 #10665]  INFO -- : 0:  coffee-rails (4.0.1) from /home/enbake/.rvm/gems/ruby-2.1.0@puneet/specifications/coffee-rails-4.0.1.gemspec
I, [2014-05-31T11:26:02.827348 #10665]  INFO -- : 0:  columnize (0.3.6) from /home/enbake/.rvm/gems/ruby-2.1.0@puneet/specifications/columnize-0.3.6.gemspec
I, [2014-05-31T11:26:02.827785 #10665]  INFO -- : 0:  debugger-linecache (1.2.0) from /home/enbake/.rvm/gems/ruby-2.1.0@puneet/specifications/debugger-linecache-1.2.0.gemspec
I, [2014-05-31T11:26:02.828249 #10665]  INFO -- : 0:  debugger-ruby_core_source (1.3.2) from /home/enbake/.rvm/gems/ruby-2.1.0@puneet/specifications/debugger-ruby_core_source-1.3.2.gemspec
I, [2014-05-31T11:26:02.828678 #10665]  INFO -- : 0:  debugger (1.6.6) from /home/enbake/.rvm/gems/ruby-2.1.0@puneet/specifications/debugger-1.6.6.gemspec
I, [2014-05-31T11:26:02.829185 #10665]  INFO -- : 0:  orm_adapter (0.5.0) from /home/enbake/.rvm/gems/ruby-2.1.0@puneet/specifications/orm_adapter-0.5.0.gemspec
I, [2014-05-31T11:26:02.829645 #10665]  INFO -- : 0:  warden (1.2.3) from /home/enbake/.rvm/gems/ruby-2.1.0@puneet/specifications/warden-1.2.3.gemspec
I, [2014-05-31T11:26:02.830076 #10665]  INFO -- : 0:  devise (3.2.4) from /home/enbake/.rvm/gems/ruby-2.1.0@puneet/specifications/devise-3.2.4.gemspec
I, [2014-05-31T11:26:02.830588 #10665]  INFO -- : 0:  multipart-post (2.0.0) from /home/enbake/.rvm/gems/ruby-2.1.0@puneet/specifications/multipart-post-2.0.0.gemspec
I, [2014-05-31T11:26:02.831043 #10665]  INFO -- : 0:  faraday (0.9.0) from /home/enbake/.rvm/gems/ruby-2.1.0@puneet/specifications/faraday-0.9.0.gemspec
I, [2014-05-31T11:26:02.831481 #10665]  INFO -- : 0:  tilt (1.4.1) from /home/enbake/.rvm/gems/ruby-2.1.0@puneet/specifications/tilt-1.4.1.gemspec
I, [2014-05-31T11:26:02.831988 #10665]  INFO -- : 0:  haml (4.0.5) from /home/enbake/.rvm/gems/ruby-2.1.0@puneet/specifications/haml-4.0.5.gemspec
I, [2014-05-31T11:26:02.832423 #10665]  INFO -- : 0:  haml-rails (0.5.3) from /home/enbake/.rvm/gems/ruby-2.1.0@puneet/specifications/haml-rails-0.5.3.gemspec
I, [2014-05-31T11:26:02.832953 #10665]  INFO -- : 0:  hashie (2.1.1) from /home/enbake/.rvm/gems/ruby-2.1.0@puneet/specifications/hashie-2.1.1.gemspec
I, [2014-05-31T11:26:02.833363 #10665]  INFO -- : 0:  hike (1.2.3) from /home/enbake/.rvm/gems/ruby-2.1.0@puneet/specifications/hike-1.2.3.gemspec
I, [2014-05-31T11:26:02.833873 #10665]  INFO -- : 0:  multi_json (1.9.2) from /home/enbake/.rvm/gems/ruby-2.1.0@puneet/specifications/multi_json-1.9.2.gemspec
I, [2014-05-31T11:26:02.834281 #10665]  INFO -- : 0:  jbuilder (2.0.6) from /home/enbake/.rvm/gems/ruby-2.1.0@puneet/specifications/jbuilder-2.0.6.gemspec
I, [2014-05-31T11:26:02.834721 #10665]  INFO -- : 0:  jquery-rails (3.1.0) from /home/enbake/.rvm/gems/ruby-2.1.0@puneet/specifications/jquery-rails-3.1.0.gemspec
I, [2014-05-31T11:26:02.835271 #10665]  INFO -- : 0:  jwt (0.1.13) from /home/enbake/.rvm/gems/ruby-2.1.0@puneet/specifications/jwt-0.1.13.gemspec
I, [2014-05-31T11:26:02.835766 #10665]  INFO -- : 0:  multi_xml (0.5.5) from /home/enbake/.rvm/gems/ruby-2.1.0@puneet/specifications/multi_xml-0.5.5.gemspec
I, [2014-05-31T11:26:02.836253 #10665]  INFO -- : 0:  oauth (0.4.7) from /home/enbake/.rvm/gems/ruby-2.1.0@puneet/specifications/oauth-0.4.7.gemspec
I, [2014-05-31T11:26:02.836674 #10665]  INFO -- : 0:  oauth2 (0.9.3) from /home/enbake/.rvm/gems/ruby-2.1.0@puneet/specifications/oauth2-0.9.3.gemspec
I, [2014-05-31T11:26:02.837165 #10665]  INFO -- : 0:  omniauth (1.2.1) from /home/enbake/.rvm/gems/ruby-2.1.0@puneet/specifications/omniauth-1.2.1.gemspec
I, [2014-05-31T11:26:02.837590 #10665]  INFO -- : 0:  omniauth-oauth2 (1.1.2) from /home/enbake/.rvm/gems/ruby-2.1.0@puneet/specifications/omniauth-oauth2-1.1.2.gemspec
I, [2014-05-31T11:26:02.838092 #10665]  INFO -- : 0:  omniauth-facebook (1.6.0) from /home/enbake/.rvm/gems/ruby-2.1.0@puneet/specifications/omniauth-facebook-1.6.0.gemspec
I, [2014-05-31T11:26:07.524008 #10665]  INFO -- : 0:  omniauth-google-oauth2 (0.2.4) from /home/enbake/.rvm/gems/ruby-2.1.0@puneet/specifications/omniauth-google-oauth2-0.2.4.gemspec
I, [2014-05-31T11:26:07.524891 #10665]  INFO -- : 0:  omniauth-oauth (1.0.1) from /home/enbake/.rvm/gems/ruby-2.1.0@puneet/specifications/omniauth-oauth-1.0.1.gemspec
I, [2014-05-31T11:26:07.525570 #10665]  INFO -- : 0:  omniauth-linkedin (0.1.0) from /home/enbake/.rvm/gems/ruby-2.1.0@puneet/specifications/omniauth-linkedin-0.1.0.gemspec
I, [2014-05-31T11:26:07.526301 #10665]  INFO -- : 0:  pg (0.17.1) from /home/enbake/.rvm/gems/ruby-2.1.0@puneet/specifications/pg-0.17.1.gemspec
I, [2014-05-31T11:26:07.526988 #10665]  INFO -- : 0:  sprockets (2.11.0) from /home/enbake/.rvm/gems/ruby-2.1.0@puneet/specifications/sprockets-2.11.0.gemspec
I, [2014-05-31T11:26:07.527717 #10665]  INFO -- : 0:  sprockets-rails (2.1.3) from /home/enbake/.rvm/gems/ruby-2.1.0@puneet/specifications/sprockets-rails-2.1.3.gemspec
I, [2014-05-31T11:26:07.528380 #10665]  INFO -- : 0:  rails (4.1.0) from /home/enbake/.rvm/gems/ruby-2.1.0@puneet/specifications/rails-4.1.0.gemspec
I, [2014-05-31T11:26:07.529105 #10665]  INFO -- : 0:  rails_layout (1.0.14) from /home/enbake/.rvm/gems/ruby-2.1.0@puneet/specifications/rails_layout-1.0.14.gemspec
I, [2014-05-31T11:26:07.529784 #10665]  INFO -- : 0:  rdoc (4.1.1) from /home/enbake/.rvm/gems/ruby-2.1.0@puneet/specifications/rdoc-4.1.1.gemspec
I, [2014-05-31T11:26:07.530456 #10665]  INFO -- : 0:  sass-rails (4.0.3) from /home/enbake/.rvm/gems/ruby-2.1.0@puneet/specifications/sass-rails-4.0.3.gemspec
I, [2014-05-31T11:26:07.531340 #10665]  INFO -- : 0:  sdoc (0.4.0) from /home/enbake/.rvm/gems/ruby-2.1.0@puneet/specifications/sdoc-0.4.0.gemspec
I, [2014-05-31T11:26:07.532231 #10665]  INFO -- : 0:  spring (1.1.2) from /home/enbake/.rvm/gems/ruby-2.1.0@puneet/specifications/spring-1.1.2.gemspec
I, [2014-05-31T11:26:07.533178 #10665]  INFO -- : 0:  turbolinks (2.2.2) from /home/enbake/.rvm/gems/ruby-2.1.0@puneet/specifications/turbolinks-2.2.2.gemspec
I, [2014-05-31T11:26:07.534074 #10665]  INFO -- : 0:  uglifier (2.5.0) from /home/enbake/.rvm/gems/ruby-2.1.0@puneet/specifications/uglifier-2.5.0.gemspec
I, [2014-05-31T11:48:36.724297 #11598]  INFO -- : 0:  rake (10.3.1) from /home/enbake/.rvm/gems/ruby-2.1.0@puneet/specifications/rake-10.3.1.gemspec
I, [2014-05-31T11:48:36.724950 #11598]  INFO -- : 0:  i18n (0.6.9) from /home/enbake/.rvm/gems/ruby-2.1.0@puneet/specifications/i18n-0.6.9.gemspec
I, [2014-05-31T11:48:38.267545 #11598]  INFO -- : 0:  json (1.8.1) from /home/enbake/.rvm/gems/ruby-2.1.0@puneet/specifications/json-1.8.1.gemspec
I, [2014-05-31T11:48:38.268957 #11598]  INFO -- : 0:  minitest (5.3.3) from /home/enbake/.rvm/gems/ruby-2.1.0@puneet/specifications/minitest-5.3.3.gemspec
I, [2014-05-31T11:48:38.269913 #11598]  INFO -- : 0:  thread_safe (0.3.3) from /home/enbake/.rvm/gems/ruby-2.1.0@puneet/specifications/thread_safe-0.3.3.gemspec
I, [2014-05-31T11:48:38.270895 #11598]  INFO -- : 0:  tzinfo (1.1.0) from /home/enbake/.rvm/gems/ruby-2.1.0@puneet/specifications/tzinfo-1.1.0.gemspec
I, [2014-05-31T11:48:38.271806 #11598]  INFO -- : 0:  activesupport (4.1.0) from /home/enbake/.rvm/gems/ruby-2.1.0@puneet/specifications/activesupport-4.1.0.gemspec
I, [2014-05-31T11:48:38.272712 #11598]  INFO -- : 0:  builder (3.2.2) from /home/enbake/.rvm/gems/ruby-2.1.0@puneet/specifications/builder-3.2.2.gemspec
I, [2014-05-31T11:48:38.273654 #11598]  INFO -- : 0:  erubis (2.7.0) from /home/enbake/.rvm/gems/ruby-2.1.0@puneet/specifications/erubis-2.7.0.gemspec
I, [2014-05-31T11:48:38.274544 #11598]  INFO -- : 0:  actionview (4.1.0) from /home/enbake/.rvm/gems/ruby-2.1.0@puneet/specifications/actionview-4.1.0.gemspec
I, [2014-05-31T11:48:38.275511 #11598]  INFO -- : 0:  rack (1.5.2) from /home/enbake/.rvm/gems/ruby-2.1.0@puneet/specifications/rack-1.5.2.gemspec
I, [2014-05-31T11:48:38.276415 #11598]  INFO -- : 0:  rack-test (0.6.2) from /home/enbake/.rvm/gems/ruby-2.1.0@puneet/specifications/rack-test-0.6.2.gemspec
I, [2014-05-31T11:48:38.277314 #11598]  INFO -- : 0:  actionpack (4.1.0) from /home/enbake/.rvm/gems/ruby-2.1.0@puneet/specifications/actionpack-4.1.0.gemspec
I, [2014-05-31T11:48:38.278248 #11598]  INFO -- : 0:  mime-types (1.25.1) from /home/enbake/.rvm/gems/ruby-2.1.0@puneet/specifications/mime-types-1.25.1.gemspec
I, [2014-05-31T11:48:38.279011 #11598]  INFO -- : 0:  polyglot (0.3.4) from /home/enbake/.rvm/gems/ruby-2.1.0@puneet/specifications/polyglot-0.3.4.gemspec
I, [2014-05-31T11:48:38.279458 #11598]  INFO -- : 0:  treetop (1.4.15) from /home/enbake/.rvm/gems/ruby-2.1.0@puneet/specifications/treetop-1.4.15.gemspec
I, [2014-05-31T11:48:38.279874 #11598]  INFO -- : 0:  mail (2.5.4) from /home/enbake/.rvm/gems/ruby-2.1.0@puneet/specifications/mail-2.5.4.gemspec
I, [2014-05-31T11:48:38.280288 #11598]  INFO -- : 0:  actionmailer (4.1.0) from /home/enbake/.rvm/gems/ruby-2.1.0@puneet/specifications/actionmailer-4.1.0.gemspec
I, [2014-05-31T11:48:38.280720 #11598]  INFO -- : 0:  activemodel (4.1.0) from /home/enbake/.rvm/gems/ruby-2.1.0@puneet/specifications/activemodel-4.1.0.gemspec
I, [2014-05-31T11:48:38.281139 #11598]  INFO -- : 0:  arel (5.0.1.20140414130214) from /home/enbake/.rvm/gems/ruby-2.1.0@puneet/specifications/arel-5.0.1.20140414130214.gemspec
I, [2014-05-31T11:48:38.281593 #11598]  INFO -- : 0:  activerecord (4.1.0) from /home/enbake/.rvm/gems/ruby-2.1.0@puneet/specifications/activerecord-4.1.0.gemspec
I, [2014-05-31T11:48:38.282024 #11598]  INFO -- : 0:  bcrypt (3.1.7) from /home/enbake/.rvm/gems/ruby-2.1.0@puneet/specifications/bcrypt-3.1.7.gemspec
I, [2014-05-31T11:48:38.282458 #11598]  INFO -- : 0:  sass (3.2.19) from /home/enbake/.rvm/gems/ruby-2.1.0@puneet/specifications/sass-3.2.19.gemspec
I, [2014-05-31T11:48:38.282905 #11598]  INFO -- : 0:  bootstrap-sass (3.1.1.1) from /home/enbake/.rvm/gems/ruby-2.1.0@puneet/specifications/bootstrap-sass-3.1.1.1.gemspec
I, [2014-05-31T11:48:38.283334 #11598]  INFO -- : 0:  thor (0.19.1) from /home/enbake/.rvm/gems/ruby-2.1.0@puneet/specifications/thor-0.19.1.gemspec
I, [2014-05-31T11:48:38.283791 #11598]  INFO -- : 0:  bourbon (3.1.8) from /home/enbake/.rvm/gems/ruby-2.1.0@puneet/specifications/bourbon-3.1.8.gemspec
I, [2014-05-31T11:48:38.284224 #11598]  INFO -- : 0:  cancan (1.6.10) from /home/enbake/.rvm/gems/ruby-2.1.0@puneet/specifications/cancan-1.6.10.gemspec
I, [2014-05-31T11:48:38.284658 #11598]  INFO -- : 0:  coffee-script-source (1.7.0) from /home/enbake/.rvm/gems/ruby-2.1.0@puneet/specifications/coffee-script-source-1.7.0.gemspec
I, [2014-05-31T11:48:38.285122 #11598]  INFO -- : 0:  execjs (2.0.2) from /home/enbake/.rvm/gems/ruby-2.1.0@puneet/specifications/execjs-2.0.2.gemspec
I, [2014-05-31T11:48:38.285559 #11598]  INFO -- : 0:  coffee-script (2.2.0) from /home/enbake/.rvm/gems/ruby-2.1.0@puneet/specifications/coffee-script-2.2.0.gemspec
I, [2014-05-31T11:48:38.286011 #11598]  INFO -- : 0:  railties (4.1.0) from /home/enbake/.rvm/gems/ruby-2.1.0@puneet/specifications/railties-4.1.0.gemspec
I, [2014-05-31T11:48:38.286455 #11598]  INFO -- : 0:  coffee-rails (4.0.1) from /home/enbake/.rvm/gems/ruby-2.1.0@puneet/specifications/coffee-rails-4.0.1.gemspec
I, [2014-05-31T11:48:38.286897 #11598]  INFO -- : 0:  columnize (0.3.6) from /home/enbake/.rvm/gems/ruby-2.1.0@puneet/specifications/columnize-0.3.6.gemspec
I, [2014-05-31T11:48:38.287364 #11598]  INFO -- : 0:  debugger-linecache (1.2.0) from /home/enbake/.rvm/gems/ruby-2.1.0@puneet/specifications/debugger-linecache-1.2.0.gemspec
I, [2014-05-31T11:48:38.287791 #11598]  INFO -- : 0:  debugger-ruby_core_source (1.3.2) from /home/enbake/.rvm/gems/ruby-2.1.0@puneet/specifications/debugger-ruby_core_source-1.3.2.gemspec
I, [2014-05-31T11:48:38.288244 #11598]  INFO -- : 0:  debugger (1.6.6) from /home/enbake/.rvm/gems/ruby-2.1.0@puneet/specifications/debugger-1.6.6.gemspec
I, [2014-05-31T11:48:38.288676 #11598]  INFO -- : 0:  orm_adapter (0.5.0) from /home/enbake/.rvm/gems/ruby-2.1.0@puneet/specifications/orm_adapter-0.5.0.gemspec
I, [2014-05-31T11:48:38.289106 #11598]  INFO -- : 0:  warden (1.2.3) from /home/enbake/.rvm/gems/ruby-2.1.0@puneet/specifications/warden-1.2.3.gemspec
I, [2014-05-31T11:48:38.289562 #11598]  INFO -- : 0:  devise (3.2.4) from /home/enbake/.rvm/gems/ruby-2.1.0@puneet/specifications/devise-3.2.4.gemspec
I, [2014-05-31T11:48:38.290001 #11598]  INFO -- : 0:  multipart-post (2.0.0) from /home/enbake/.rvm/gems/ruby-2.1.0@puneet/specifications/multipart-post-2.0.0.gemspec
I, [2014-05-31T11:48:38.290456 #11598]  INFO -- : 0:  faraday (0.9.0) from /home/enbake/.rvm/gems/ruby-2.1.0@puneet/specifications/faraday-0.9.0.gemspec
I, [2014-05-31T11:48:38.290900 #11598]  INFO -- : 0:  tilt (1.4.1) from /home/enbake/.rvm/gems/ruby-2.1.0@puneet/specifications/tilt-1.4.1.gemspec
I, [2014-05-31T11:48:38.291336 #11598]  INFO -- : 0:  haml (4.0.5) from /home/enbake/.rvm/gems/ruby-2.1.0@puneet/specifications/haml-4.0.5.gemspec
I, [2014-05-31T11:48:38.291792 #11598]  INFO -- : 0:  haml-rails (0.5.3) from /home/enbake/.rvm/gems/ruby-2.1.0@puneet/specifications/haml-rails-0.5.3.gemspec
I, [2014-05-31T11:48:38.292224 #11598]  INFO -- : 0:  hashie (2.1.1) from /home/enbake/.rvm/gems/ruby-2.1.0@puneet/specifications/hashie-2.1.1.gemspec
I, [2014-05-31T11:48:38.292702 #11598]  INFO -- : 0:  hike (1.2.3) from /home/enbake/.rvm/gems/ruby-2.1.0@puneet/specifications/hike-1.2.3.gemspec
I, [2014-05-31T11:48:38.293138 #11598]  INFO -- : 0:  multi_json (1.9.2) from /home/enbake/.rvm/gems/ruby-2.1.0@puneet/specifications/multi_json-1.9.2.gemspec
I, [2014-05-31T11:48:38.293593 #11598]  INFO -- : 0:  jbuilder (2.0.6) from /home/enbake/.rvm/gems/ruby-2.1.0@puneet/specifications/jbuilder-2.0.6.gemspec
I, [2014-05-31T11:48:38.294003 #11598]  INFO -- : 0:  jquery-rails (3.1.0) from /home/enbake/.rvm/gems/ruby-2.1.0@puneet/specifications/jquery-rails-3.1.0.gemspec
I, [2014-05-31T11:48:38.294414 #11598]  INFO -- : 0:  jwt (0.1.13) from /home/enbake/.rvm/gems/ruby-2.1.0@puneet/specifications/jwt-0.1.13.gemspec
I, [2014-05-31T11:48:38.294863 #11598]  INFO -- : 0:  multi_xml (0.5.5) from /home/enbake/.rvm/gems/ruby-2.1.0@puneet/specifications/multi_xml-0.5.5.gemspec
I, [2014-05-31T11:48:38.295274 #11598]  INFO -- : 0:  oauth (0.4.7) from /home/enbake/.rvm/gems/ruby-2.1.0@puneet/specifications/oauth-0.4.7.gemspec
I, [2014-05-31T11:48:38.295760 #11598]  INFO -- : 0:  oauth2 (0.9.3) from /home/enbake/.rvm/gems/ruby-2.1.0@puneet/specifications/oauth2-0.9.3.gemspec
I, [2014-05-31T11:48:38.296196 #11598]  INFO -- : 0:  omniauth (1.2.1) from /home/enbake/.rvm/gems/ruby-2.1.0@puneet/specifications/omniauth-1.2.1.gemspec
I, [2014-05-31T11:48:38.296608 #11598]  INFO -- : 0:  omniauth-oauth2 (1.1.2) from /home/enbake/.rvm/gems/ruby-2.1.0@puneet/specifications/omniauth-oauth2-1.1.2.gemspec
I, [2014-05-31T11:48:38.297044 #11598]  INFO -- : 0:  omniauth-facebook (1.6.0) from /home/enbake/.rvm/gems/ruby-2.1.0@puneet/specifications/omniauth-facebook-1.6.0.gemspec
I, [2014-05-31T11:48:38.297468 #11598]  INFO -- : 0:  omniauth-google-oauth2 (0.2.4) from /home/enbake/.rvm/gems/ruby-2.1.0@puneet/specifications/omniauth-google-oauth2-0.2.4.gemspec
I, [2014-05-31T11:48:38.297895 #11598]  INFO -- : 0:  omniauth-oauth (1.0.1) from /home/enbake/.rvm/gems/ruby-2.1.0@puneet/specifications/omniauth-oauth-1.0.1.gemspec
I, [2014-05-31T11:48:38.298307 #11598]  INFO -- : 0:  omniauth-linkedin (0.1.0) from /home/enbake/.rvm/gems/ruby-2.1.0@puneet/specifications/omniauth-linkedin-0.1.0.gemspec
I, [2014-05-31T11:48:38.298718 #11598]  INFO -- : 0:  pg (0.17.1) from /home/enbake/.rvm/gems/ruby-2.1.0@puneet/specifications/pg-0.17.1.gemspec
I, [2014-05-31T11:48:38.299160 #11598]  INFO -- : 0:  bundler (1.5.0) from /home/enbake/.rvm/gems/ruby-2.1.0@global/specifications/bundler-1.5.0.gemspec
I, [2014-05-31T11:48:38.299577 #11598]  INFO -- : 0:  sprockets (2.11.0) from /home/enbake/.rvm/gems/ruby-2.1.0@puneet/specifications/sprockets-2.11.0.gemspec
I, [2014-05-31T11:48:38.300008 #11598]  INFO -- : 0:  sprockets-rails (2.1.3) from /home/enbake/.rvm/gems/ruby-2.1.0@puneet/specifications/sprockets-rails-2.1.3.gemspec
I, [2014-05-31T11:48:38.300446 #11598]  INFO -- : 0:  rails (4.1.0) from /home/enbake/.rvm/gems/ruby-2.1.0@puneet/specifications/rails-4.1.0.gemspec
I, [2014-05-31T11:48:38.300852 #11598]  INFO -- : 0:  rails_layout (1.0.14) from /home/enbake/.rvm/gems/ruby-2.1.0@puneet/specifications/rails_layout-1.0.14.gemspec
I, [2014-05-31T11:48:38.301297 #11598]  INFO -- : 0:  rdoc (4.1.1) from /home/enbake/.rvm/gems/ruby-2.1.0@puneet/specifications/rdoc-4.1.1.gemspec
I, [2014-05-31T11:48:38.301724 #11598]  INFO -- : 0:  sass-rails (4.0.3) from /home/enbake/.rvm/gems/ruby-2.1.0@puneet/specifications/sass-rails-4.0.3.gemspec
I, [2014-05-31T11:48:38.302178 #11598]  INFO -- : 0:  sdoc (0.4.0) from /home/enbake/.rvm/gems/ruby-2.1.0@puneet/specifications/sdoc-0.4.0.gemspec
I, [2014-05-31T11:48:38.302608 #11598]  INFO -- : 0:  spring (1.1.2) from /home/enbake/.rvm/gems/ruby-2.1.0@puneet/specifications/spring-1.1.2.gemspec
I, [2014-05-31T11:48:38.303074 #11598]  INFO -- : 0:  turbolinks (2.2.2) from /home/enbake/.rvm/gems/ruby-2.1.0@puneet/specifications/turbolinks-2.2.2.gemspec
I, [2014-05-31T11:48:38.303530 #11598]  INFO -- : 0:  uglifier (2.5.0) from /home/enbake/.rvm/gems/ruby-2.1.0@puneet/specifications/uglifier-2.5.0.gemspec
I, [2014-05-31T11:48:41.137949 #11650]  INFO -- : 0:  rake (10.3.1) from /home/enbake/.rvm/gems/ruby-2.1.0@puneet/specifications/rake-10.3.1.gemspec
I, [2014-05-31T11:48:41.138599 #11650]  INFO -- : 0:  i18n (0.6.9) from /home/enbake/.rvm/gems/ruby-2.1.0@puneet/specifications/i18n-0.6.9.gemspec
E, [2014-05-31T11:48:41.772079 #11650] ERROR -- : SystemExit: exit
/home/enbake/.rvm/gems/ruby-2.1.0@global/gems/bundler-1.5.0/bin/bundle:4:in `exit'  \n/home/enbake/.rvm/gems/ruby-2.1.0@global/gems/bundler-1.5.0/bin/bundle:4:in `block in <top (required)>'  \n/home/enbake/.rvm/rubies/ruby-2.1.0/lib/ruby/site_ruby/2.1.0/rubygems/ext/builder.rb:73:in `call'  \n/home/enbake/.rvm/rubies/ruby-2.1.0/lib/ruby/site_ruby/2.1.0/rubygems/ext/builder.rb:73:in ``'  \n/home/enbake/.rvm/rubies/ruby-2.1.0/lib/ruby/site_ruby/2.1.0/rubygems/ext/builder.rb:73:in `run'  \n/home/enbake/.rvm/rubies/ruby-2.1.0/lib/ruby/site_ruby/2.1.0/rubygems/ext/ext_conf_builder.rb:38:in `block in build'  \n/home/enbake/.rvm/rubies/ruby-2.1.0/lib/ruby/2.1.0/tempfile.rb:324:in `open'  \n/home/enbake/.rvm/rubies/ruby-2.1.0/lib/ruby/site_ruby/2.1.0/rubygems/ext/ext_conf_builder.rb:17:in `build'  \n/home/enbake/.rvm/rubies/ruby-2.1.0/lib/ruby/site_ruby/2.1.0/rubygems/ext/builder.rb:161:in `block (2 levels) in build_extension'  \n/home/enbake/.rvm/rubies/ruby-2.1.0/lib/ruby/site_ruby/2.1.0/rubygems/ext/builder.rb:160:in `chdir'  \n/home/enbake/.rvm/rubies/ruby-2.1.0/lib/ruby/site_ruby/2.1.0/rubygems/ext/builder.rb:160:in `block in build_extension'  \n/home/enbake/.rvm/rubies/ruby-2.1.0/lib/ruby/site_ruby/2.1.0/rubygems/ext/builder.rb:159:in `synchronize'  \n/home/enbake/.rvm/rubies/ruby-2.1.0/lib/ruby/site_ruby/2.1.0/rubygems/ext/builder.rb:159:in `build_extension'  \n/home/enbake/.rvm/rubies/ruby-2.1.0/lib/ruby/site_ruby/2.1.0/rubygems/ext/builder.rb:198:in `block in build_extensions'  \n/home/enbake/.rvm/rubies/ruby-2.1.0/lib/ruby/site_ruby/2.1.0/rubygems/ext/builder.rb:195:in `each'  \n/home/enbake/.rvm/rubies/ruby-2.1.0/lib/ruby/site_ruby/2.1.0/rubygems/ext/builder.rb:195:in `build_extensions'  \n/home/enbake/.rvm/rubies/ruby-2.1.0/lib/ruby/site_ruby/2.1.0/rubygems/installer.rb:677:in `build_extensions'  \n/home/enbake/.rvm/rubies/ruby-2.1.0/lib/ruby/site_ruby/2.1.0/rubygems/installer.rb:232:in `install'  \n/home/enbake/.rvm/gems/ruby-2.1.0@global/gems/bundler-1.5.0/lib/bundler/source/rubygems.rb:101:in `block in install'  \n/home/enbake/.rvm/gems/ruby-2.1.0@global/gems/bundler-1.5.0/lib/bundler/rubygems_integration.rb:118:in `preserve_paths'  \n/home/enbake/.rvm/gems/ruby-2.1.0@global/gems/bundler-1.5.0/lib/bundler/source/rubygems.rb:94:in `install'  \n/home/enbake/.rvm/gems/ruby-2.1.0@global/gems/bundler-1.5.0/lib/bundler/installer.rb:111:in `block in install_gem_from_spec'  \n/home/enbake/.rvm/gems/ruby-2.1.0@global/gems/bundler-1.5.0/lib/bundler/rubygems_integration.rb:150:in `with_build_args'  \n/home/enbake/.rvm/gems/ruby-2.1.0@global/gems/bundler-1.5.0/lib/bundler/installer.rb:110:in `install_gem_from_spec'  \n/home/enbake/.rvm/gems/ruby-2.1.0@global/gems/bundler-1.5.0/lib/bundler/installer.rb:295:in `block in install_sequentially'  \n/home/enbake/.rvm/rubies/ruby-2.1.0/lib/ruby/2.1.0/forwardable.rb:183:in `each'  \n/home/enbake/.rvm/rubies/ruby-2.1.0/lib/ruby/2.1.0/forwardable.rb:183:in `each'  \n/home/enbake/.rvm/gems/ruby-2.1.0@global/gems/bundler-1.5.0/lib/bundler/installer.rb:294:in `install_sequentially'  \n/home/enbake/.rvm/gems/ruby-2.1.0@global/gems/bundler-1.5.0/lib/bundler/installer.rb:97:in `run'  \n/home/enbake/.rvm/gems/ruby-2.1.0@global/gems/bundler-1.5.0/lib/bundler/installer.rb:15:in `install'  \n/home/enbake/.rvm/gems/ruby-2.1.0@global/gems/bundler-1.5.0/lib/bundler/cli.rb:257:in `install'  \n/home/enbake/.rvm/gems/ruby-2.1.0@global/gems/bundler-1.5.0/lib/bundler/vendor/thor/command.rb:27:in `run'  \n/home/enbake/.rvm/gems/ruby-2.1.0@global/gems/bundler-1.5.0/lib/bundler/vendor/thor/invocation.rb:120:in `invoke_command'  \n/home/enbake/.rvm/gems/ruby-2.1.0@global/gems/bundler-1.5.0/lib/bundler/vendor/thor.rb:363:in `dispatch'  \n/home/enbake/.rvm/gems/ruby-2.1.0@global/gems/bundler-1.5.0/lib/bundler/vendor/thor/base.rb:438:in `start'  \n/home/enbake/.rvm/gems/ruby-2.1.0@global/gems/bundler-1.5.0/lib/bundler/cli.rb:10:in `start'  \n/home/enbake/.rvm/gems/ruby-2.1.0@global/gems/bundler-1.5.0/bin/bundle:22:in `block in <top (required)>'  \n/home/enbake/.rvm/gems/ruby-2.1.0@global/gems/bundler-1.5.0/lib/bundler/friendly_errors.rb:5:in `with_friendly_errors'  \n/home/enbake/.rvm/gems/ruby-2.1.0@global/gems/bundler-1.5.0/bin/bundle:22:in `<top (required)>'  \n/home/enbake/.rvm/gems/ruby-2.1.0@global/bin/bundle:23:in `load'  \n/home/enbake/.rvm/gems/ruby-2.1.0@global/bin/bundle:23:in `<main>'  \n/home/enbake/.rvm/gems/ruby-2.1.0@puneet/bin/ruby_executable_hooks:15:in `eval'  \n/home/enbake/.rvm/gems/ruby-2.1.0@puneet/bin/ruby_executable_hooks:15:in `<main>'
I, [2014-05-31T11:51:46.551537 #11943]  INFO -- : 0:  rake (10.3.1) from /home/enbake/.rvm/gems/ruby-2.1.0@puneet/specifications/rake-10.3.1.gemspec
I, [2014-05-31T11:51:46.552190 #11943]  INFO -- : 0:  i18n (0.6.9) from /home/enbake/.rvm/gems/ruby-2.1.0@puneet/specifications/i18n-0.6.9.gemspec
I, [2014-05-31T11:51:48.071475 #11943]  INFO -- : 0:  json (1.8.1) from /home/enbake/.rvm/gems/ruby-2.1.0@puneet/specifications/json-1.8.1.gemspec
I, [2014-05-31T11:51:48.072333 #11943]  INFO -- : 0:  minitest (5.3.3) from /home/enbake/.rvm/gems/ruby-2.1.0@puneet/specifications/minitest-5.3.3.gemspec
I, [2014-05-31T11:51:48.072788 #11943]  INFO -- : 0:  thread_safe (0.3.3) from /home/enbake/.rvm/gems/ruby-2.1.0@puneet/specifications/thread_safe-0.3.3.gemspec
I, [2014-05-31T11:51:48.073234 #11943]  INFO -- : 0:  tzinfo (1.1.0) from /home/enbake/.rvm/gems/ruby-2.1.0@puneet/specifications/tzinfo-1.1.0.gemspec
I, [2014-05-31T11:51:48.073712 #11943]  INFO -- : 0:  activesupport (4.1.0) from /home/enbake/.rvm/gems/ruby-2.1.0@puneet/specifications/activesupport-4.1.0.gemspec
I, [2014-05-31T11:51:48.074152 #11943]  INFO -- : 0:  builder (3.2.2) from /home/enbake/.rvm/gems/ruby-2.1.0@puneet/specifications/builder-3.2.2.gemspec
I, [2014-05-31T11:51:48.074604 #11943]  INFO -- : 0:  erubis (2.7.0) from /home/enbake/.rvm/gems/ruby-2.1.0@puneet/specifications/erubis-2.7.0.gemspec
I, [2014-05-31T11:51:48.075068 #11943]  INFO -- : 0:  actionview (4.1.0) from /home/enbake/.rvm/gems/ruby-2.1.0@puneet/specifications/actionview-4.1.0.gemspec
I, [2014-05-31T11:51:48.075485 #11943]  INFO -- : 0:  rack (1.5.2) from /home/enbake/.rvm/gems/ruby-2.1.0@puneet/specifications/rack-1.5.2.gemspec
I, [2014-05-31T11:51:48.075940 #11943]  INFO -- : 0:  rack-test (0.6.2) from /home/enbake/.rvm/gems/ruby-2.1.0@puneet/specifications/rack-test-0.6.2.gemspec
I, [2014-05-31T11:51:48.076352 #11943]  INFO -- : 0:  actionpack (4.1.0) from /home/enbake/.rvm/gems/ruby-2.1.0@puneet/specifications/actionpack-4.1.0.gemspec
I, [2014-05-31T11:51:48.076833 #11943]  INFO -- : 0:  mime-types (1.25.1) from /home/enbake/.rvm/gems/ruby-2.1.0@puneet/specifications/mime-types-1.25.1.gemspec
I, [2014-05-31T11:51:48.077269 #11943]  INFO -- : 0:  polyglot (0.3.4) from /home/enbake/.rvm/gems/ruby-2.1.0@puneet/specifications/polyglot-0.3.4.gemspec
I, [2014-05-31T11:51:48.077707 #11943]  INFO -- : 0:  treetop (1.4.15) from /home/enbake/.rvm/gems/ruby-2.1.0@puneet/specifications/treetop-1.4.15.gemspec
I, [2014-05-31T11:51:48.078168 #11943]  INFO -- : 0:  mail (2.5.4) from /home/enbake/.rvm/gems/ruby-2.1.0@puneet/specifications/mail-2.5.4.gemspec
I, [2014-05-31T11:51:48.078599 #11943]  INFO -- : 0:  actionmailer (4.1.0) from /home/enbake/.rvm/gems/ruby-2.1.0@puneet/specifications/actionmailer-4.1.0.gemspec
I, [2014-05-31T11:51:48.079299 #11943]  INFO -- : 0:  activemodel (4.1.0) from /home/enbake/.rvm/gems/ruby-2.1.0@puneet/specifications/activemodel-4.1.0.gemspec
I, [2014-05-31T11:51:48.079736 #11943]  INFO -- : 0:  arel (5.0.1.20140414130214) from /home/enbake/.rvm/gems/ruby-2.1.0@puneet/specifications/arel-5.0.1.20140414130214.gemspec
I, [2014-05-31T11:51:48.080172 #11943]  INFO -- : 0:  activerecord (4.1.0) from /home/enbake/.rvm/gems/ruby-2.1.0@puneet/specifications/activerecord-4.1.0.gemspec
I, [2014-05-31T11:51:48.080624 #11943]  INFO -- : 0:  bcrypt (3.1.7) from /home/enbake/.rvm/gems/ruby-2.1.0@puneet/specifications/bcrypt-3.1.7.gemspec
I, [2014-05-31T11:51:48.081095 #11943]  INFO -- : 0:  sass (3.2.19) from /home/enbake/.rvm/gems/ruby-2.1.0@puneet/specifications/sass-3.2.19.gemspec
I, [2014-05-31T11:51:48.081583 #11943]  INFO -- : 0:  bootstrap-sass (3.1.1.1) from /home/enbake/.rvm/gems/ruby-2.1.0@puneet/specifications/bootstrap-sass-3.1.1.1.gemspec
I, [2014-05-31T11:51:48.082010 #11943]  INFO -- : 0:  thor (0.19.1) from /home/enbake/.rvm/gems/ruby-2.1.0@puneet/specifications/thor-0.19.1.gemspec
I, [2014-05-31T11:51:48.082458 #11943]  INFO -- : 0:  bourbon (3.1.8) from /home/enbake/.rvm/gems/ruby-2.1.0@puneet/specifications/bourbon-3.1.8.gemspec
I, [2014-05-31T11:51:48.082941 #11943]  INFO -- : 0:  cancan (1.6.10) from /home/enbake/.rvm/gems/ruby-2.1.0@puneet/specifications/cancan-1.6.10.gemspec
I, [2014-05-31T11:51:48.083363 #11943]  INFO -- : 0:  coffee-script-source (1.7.0) from /home/enbake/.rvm/gems/ruby-2.1.0@puneet/specifications/coffee-script-source-1.7.0.gemspec
I, [2014-05-31T11:51:48.083805 #11943]  INFO -- : 0:  execjs (2.0.2) from /home/enbake/.rvm/gems/ruby-2.1.0@puneet/specifications/execjs-2.0.2.gemspec
I, [2014-05-31T11:51:48.084258 #11943]  INFO -- : 0:  coffee-script (2.2.0) from /home/enbake/.rvm/gems/ruby-2.1.0@puneet/specifications/coffee-script-2.2.0.gemspec
I, [2014-05-31T11:51:48.084707 #11943]  INFO -- : 0:  railties (4.1.0) from /home/enbake/.rvm/gems/ruby-2.1.0@puneet/specifications/railties-4.1.0.gemspec
I, [2014-05-31T11:51:48.085131 #11943]  INFO -- : 0:  coffee-rails (4.0.1) from /home/enbake/.rvm/gems/ruby-2.1.0@puneet/specifications/coffee-rails-4.0.1.gemspec
I, [2014-05-31T11:51:48.085558 #11943]  INFO -- : 0:  columnize (0.3.6) from /home/enbake/.rvm/gems/ruby-2.1.0@puneet/specifications/columnize-0.3.6.gemspec
I, [2014-05-31T11:51:48.086024 #11943]  INFO -- : 0:  debugger-linecache (1.2.0) from /home/enbake/.rvm/gems/ruby-2.1.0@puneet/specifications/debugger-linecache-1.2.0.gemspec
I, [2014-05-31T11:51:48.086470 #11943]  INFO -- : 0:  debugger-ruby_core_source (1.3.2) from /home/enbake/.rvm/gems/ruby-2.1.0@puneet/specifications/debugger-ruby_core_source-1.3.2.gemspec
I, [2014-05-31T11:51:48.086936 #11943]  INFO -- : 0:  debugger (1.6.6) from /home/enbake/.rvm/gems/ruby-2.1.0@puneet/specifications/debugger-1.6.6.gemspec
I, [2014-05-31T11:51:48.087361 #11943]  INFO -- : 0:  orm_adapter (0.5.0) from /home/enbake/.rvm/gems/ruby-2.1.0@puneet/specifications/orm_adapter-0.5.0.gemspec
I, [2014-05-31T11:51:48.087794 #11943]  INFO -- : 0:  warden (1.2.3) from /home/enbake/.rvm/gems/ruby-2.1.0@puneet/specifications/warden-1.2.3.gemspec
I, [2014-05-31T11:51:48.088240 #11943]  INFO -- : 0:  devise (3.2.4) from /home/enbake/.rvm/gems/ruby-2.1.0@puneet/specifications/devise-3.2.4.gemspec
I, [2014-05-31T11:51:48.088675 #11943]  INFO -- : 0:  multipart-post (2.0.0) from /home/enbake/.rvm/gems/ruby-2.1.0@puneet/specifications/multipart-post-2.0.0.gemspec
I, [2014-05-31T11:51:48.089134 #11943]  INFO -- : 0:  faraday (0.9.0) from /home/enbake/.rvm/gems/ruby-2.1.0@puneet/specifications/faraday-0.9.0.gemspec
I, [2014-05-31T11:51:48.089579 #11943]  INFO -- : 0:  tilt (1.4.1) from /home/enbake/.rvm/gems/ruby-2.1.0@puneet/specifications/tilt-1.4.1.gemspec
I, [2014-05-31T11:51:48.090042 #11943]  INFO -- : 0:  haml (4.0.5) from /home/enbake/.rvm/gems/ruby-2.1.0@puneet/specifications/haml-4.0.5.gemspec
I, [2014-05-31T11:51:48.090496 #11943]  INFO -- : 0:  haml-rails (0.5.3) from /home/enbake/.rvm/gems/ruby-2.1.0@puneet/specifications/haml-rails-0.5.3.gemspec
I, [2014-05-31T11:51:48.090942 #11943]  INFO -- : 0:  hashie (2.1.1) from /home/enbake/.rvm/gems/ruby-2.1.0@puneet/specifications/hashie-2.1.1.gemspec
I, [2014-05-31T11:51:48.091418 #11943]  INFO -- : 0:  hike (1.2.3) from /home/enbake/.rvm/gems/ruby-2.1.0@puneet/specifications/hike-1.2.3.gemspec
I, [2014-05-31T11:51:48.091854 #11943]  INFO -- : 0:  multi_json (1.9.2) from /home/enbake/.rvm/gems/ruby-2.1.0@puneet/specifications/multi_json-1.9.2.gemspec
I, [2014-05-31T11:51:48.092284 #11943]  INFO -- : 0:  jbuilder (2.0.6) from /home/enbake/.rvm/gems/ruby-2.1.0@puneet/specifications/jbuilder-2.0.6.gemspec
I, [2014-05-31T11:51:48.092732 #11943]  INFO -- : 0:  jquery-rails (3.1.0) from /home/enbake/.rvm/gems/ruby-2.1.0@puneet/specifications/jquery-rails-3.1.0.gemspec
I, [2014-05-31T11:51:48.093161 #11943]  INFO -- : 0:  jwt (0.1.13) from /home/enbake/.rvm/gems/ruby-2.1.0@puneet/specifications/jwt-0.1.13.gemspec
I, [2014-05-31T11:51:48.093644 #11943]  INFO -- : 0:  multi_xml (0.5.5) from /home/enbake/.rvm/gems/ruby-2.1.0@puneet/specifications/multi_xml-0.5.5.gemspec
I, [2014-05-31T11:51:48.094066 #11943]  INFO -- : 0:  oauth (0.4.7) from /home/enbake/.rvm/gems/ruby-2.1.0@puneet/specifications/oauth-0.4.7.gemspec
I, [2014-05-31T11:51:48.094503 #11943]  INFO -- : 0:  oauth2 (0.9.3) from /home/enbake/.rvm/gems/ruby-2.1.0@puneet/specifications/oauth2-0.9.3.gemspec
I, [2014-05-31T11:51:48.094982 #11943]  INFO -- : 0:  omniauth (1.2.1) from /home/enbake/.rvm/gems/ruby-2.1.0@puneet/specifications/omniauth-1.2.1.gemspec
I, [2014-05-31T11:51:48.095410 #11943]  INFO -- : 0:  omniauth-oauth2 (1.1.2) from /home/enbake/.rvm/gems/ruby-2.1.0@puneet/specifications/omniauth-oauth2-1.1.2.gemspec
I, [2014-05-31T11:51:48.095864 #11943]  INFO -- : 0:  omniauth-facebook (1.6.0) from /home/enbake/.rvm/gems/ruby-2.1.0@puneet/specifications/omniauth-facebook-1.6.0.gemspec
I, [2014-05-31T11:51:48.096305 #11943]  INFO -- : 0:  omniauth-google-oauth2 (0.2.4) from /home/enbake/.rvm/gems/ruby-2.1.0@puneet/specifications/omniauth-google-oauth2-0.2.4.gemspec
I, [2014-05-31T11:51:48.096725 #11943]  INFO -- : 0:  omniauth-oauth (1.0.1) from /home/enbake/.rvm/gems/ruby-2.1.0@puneet/specifications/omniauth-oauth-1.0.1.gemspec
I, [2014-05-31T11:51:48.097181 #11943]  INFO -- : 0:  omniauth-linkedin (0.1.0) from /home/enbake/.rvm/gems/ruby-2.1.0@puneet/specifications/omniauth-linkedin-0.1.0.gemspec
I, [2014-05-31T11:51:48.097607 #11943]  INFO -- : 0:  pg (0.17.1) from /home/enbake/.rvm/gems/ruby-2.1.0@puneet/specifications/pg-0.17.1.gemspec
I, [2014-05-31T11:51:48.098047 #11943]  INFO -- : 0:  bundler (1.5.0) from /home/enbake/.rvm/gems/ruby-2.1.0@global/specifications/bundler-1.5.0.gemspec
I, [2014-05-31T11:51:48.098464 #11943]  INFO -- : 0:  sprockets (2.11.0) from /home/enbake/.rvm/gems/ruby-2.1.0@puneet/specifications/sprockets-2.11.0.gemspec
I, [2014-05-31T11:51:48.098889 #11943]  INFO -- : 0:  sprockets-rails (2.1.3) from /home/enbake/.rvm/gems/ruby-2.1.0@puneet/specifications/sprockets-rails-2.1.3.gemspec
I, [2014-05-31T11:51:48.099326 #11943]  INFO -- : 0:  rails (4.1.0) from /home/enbake/.rvm/gems/ruby-2.1.0@puneet/specifications/rails-4.1.0.gemspec
I, [2014-05-31T11:51:48.099763 #11943]  INFO -- : 0:  rails_layout (1.0.14) from /home/enbake/.rvm/gems/ruby-2.1.0@puneet/specifications/rails_layout-1.0.14.gemspec
I, [2014-05-31T11:51:48.100219 #11943]  INFO -- : 0:  rdoc (4.1.1) from /home/enbake/.rvm/gems/ruby-2.1.0@puneet/specifications/rdoc-4.1.1.gemspec
I, [2014-05-31T11:51:48.100639 #11943]  INFO -- : 0:  sass-rails (4.0.3) from /home/enbake/.rvm/gems/ruby-2.1.0@puneet/specifications/sass-rails-4.0.3.gemspec
I, [2014-05-31T11:51:48.101062 #11943]  INFO -- : 0:  sdoc (0.4.0) from /home/enbake/.rvm/gems/ruby-2.1.0@puneet/specifications/sdoc-0.4.0.gemspec
I, [2014-05-31T11:51:48.101488 #11943]  INFO -- : 0:  spring (1.1.2) from /home/enbake/.rvm/gems/ruby-2.1.0@puneet/specifications/spring-1.1.2.gemspec
I, [2014-05-31T11:51:48.101927 #11943]  INFO -- : 0:  turbolinks (2.2.2) from /home/enbake/.rvm/gems/ruby-2.1.0@puneet/specifications/turbolinks-2.2.2.gemspec
I, [2014-05-31T11:51:48.102355 #11943]  INFO -- : 0:  uglifier (2.5.0) from /home/enbake/.rvm/gems/ruby-2.1.0@puneet/specifications/uglifier-2.5.0.gemspec
I, [2014-05-31T14:46:44.227381 #17851]  INFO -- : 0:  rake (10.3.1) from /home/enbake/.rvm/gems/ruby-2.1.0@puneet/specifications/rake-10.3.1.gemspec
I, [2014-05-31T14:46:44.255615 #17851]  INFO -- : 0:  i18n (0.6.9) from /home/enbake/.rvm/gems/ruby-2.1.0@puneet/specifications/i18n-0.6.9.gemspec
I, [2014-05-31T14:46:47.748719 #17851]  INFO -- : 0:  json (1.8.1) from /home/enbake/.rvm/gems/ruby-2.1.0@puneet/specifications/json-1.8.1.gemspec
I, [2014-05-31T14:46:47.750140 #17851]  INFO -- : 0:  minitest (5.3.3) from /home/enbake/.rvm/gems/ruby-2.1.0@puneet/specifications/minitest-5.3.3.gemspec
I, [2014-05-31T14:46:47.751082 #17851]  INFO -- : 0:  thread_safe (0.3.3) from /home/enbake/.rvm/gems/ruby-2.1.0@puneet/specifications/thread_safe-0.3.3.gemspec
I, [2014-05-31T14:46:47.752057 #17851]  INFO -- : 0:  tzinfo (1.1.0) from /home/enbake/.rvm/gems/ruby-2.1.0@puneet/specifications/tzinfo-1.1.0.gemspec
I, [2014-05-31T14:46:47.752959 #17851]  INFO -- : 0:  activesupport (4.1.0) from /home/enbake/.rvm/gems/ruby-2.1.0@puneet/specifications/activesupport-4.1.0.gemspec
I, [2014-05-31T14:46:47.753857 #17851]  INFO -- : 0:  builder (3.2.2) from /home/enbake/.rvm/gems/ruby-2.1.0@puneet/specifications/builder-3.2.2.gemspec
I, [2014-05-31T14:46:47.754878 #17851]  INFO -- : 0:  erubis (2.7.0) from /home/enbake/.rvm/gems/ruby-2.1.0@puneet/specifications/erubis-2.7.0.gemspec
I, [2014-05-31T14:46:47.755782 #17851]  INFO -- : 0:  actionview (4.1.0) from /home/enbake/.rvm/gems/ruby-2.1.0@puneet/specifications/actionview-4.1.0.gemspec
I, [2014-05-31T14:46:47.756750 #17851]  INFO -- : 0:  rack (1.5.2) from /home/enbake/.rvm/gems/ruby-2.1.0@puneet/specifications/rack-1.5.2.gemspec
I, [2014-05-31T14:46:47.757680 #17851]  INFO -- : 0:  rack-test (0.6.2) from /home/enbake/.rvm/gems/ruby-2.1.0@puneet/specifications/rack-test-0.6.2.gemspec
I, [2014-05-31T14:46:47.758635 #17851]  INFO -- : 0:  actionpack (4.1.0) from /home/enbake/.rvm/gems/ruby-2.1.0@puneet/specifications/actionpack-4.1.0.gemspec
I, [2014-05-31T14:46:47.759610 #17851]  INFO -- : 0:  mime-types (1.25.1) from /home/enbake/.rvm/gems/ruby-2.1.0@puneet/specifications/mime-types-1.25.1.gemspec
I, [2014-05-31T14:46:47.760416 #17851]  INFO -- : 0:  polyglot (0.3.4) from /home/enbake/.rvm/gems/ruby-2.1.0@puneet/specifications/polyglot-0.3.4.gemspec
I, [2014-05-31T14:46:47.761288 #17851]  INFO -- : 0:  treetop (1.4.15) from /home/enbake/.rvm/gems/ruby-2.1.0@puneet/specifications/treetop-1.4.15.gemspec
I, [2014-05-31T14:46:47.762165 #17851]  INFO -- : 0:  mail (2.5.4) from /home/enbake/.rvm/gems/ruby-2.1.0@puneet/specifications/mail-2.5.4.gemspec
I, [2014-05-31T14:46:47.763161 #17851]  INFO -- : 0:  actionmailer (4.1.0) from /home/enbake/.rvm/gems/ruby-2.1.0@puneet/specifications/actionmailer-4.1.0.gemspec
I, [2014-05-31T14:46:47.764090 #17851]  INFO -- : 0:  activemodel (4.1.0) from /home/enbake/.rvm/gems/ruby-2.1.0@puneet/specifications/activemodel-4.1.0.gemspec
I, [2014-05-31T14:46:47.765070 #17851]  INFO -- : 0:  arel (5.0.1.20140414130214) from /home/enbake/.rvm/gems/ruby-2.1.0@puneet/specifications/arel-5.0.1.20140414130214.gemspec
I, [2014-05-31T14:46:47.765979 #17851]  INFO -- : 0:  activerecord (4.1.0) from /home/enbake/.rvm/gems/ruby-2.1.0@puneet/specifications/activerecord-4.1.0.gemspec
I, [2014-05-31T14:46:47.766980 #17851]  INFO -- : 0:  bcrypt (3.1.7) from /home/enbake/.rvm/gems/ruby-2.1.0@puneet/specifications/bcrypt-3.1.7.gemspec
I, [2014-05-31T14:46:47.767881 #17851]  INFO -- : 0:  sass (3.2.19) from /home/enbake/.rvm/gems/ruby-2.1.0@puneet/specifications/sass-3.2.19.gemspec
I, [2014-05-31T14:46:47.768787 #17851]  INFO -- : 0:  bootstrap-sass (3.1.1.1) from /home/enbake/.rvm/gems/ruby-2.1.0@puneet/specifications/bootstrap-sass-3.1.1.1.gemspec
I, [2014-05-31T14:46:47.769731 #17851]  INFO -- : 0:  thor (0.19.1) from /home/enbake/.rvm/gems/ruby-2.1.0@puneet/specifications/thor-0.19.1.gemspec
I, [2014-05-31T14:46:47.770636 #17851]  INFO -- : 0:  bourbon (3.1.8) from /home/enbake/.rvm/gems/ruby-2.1.0@puneet/specifications/bourbon-3.1.8.gemspec
I, [2014-05-31T14:46:47.771265 #17851]  INFO -- : 0:  bundler (1.5.0) from /home/enbake/.rvm/gems/ruby-2.1.0@global/specifications/bundler-1.5.0.gemspec
I, [2014-05-31T14:46:50.842857 #17851]  INFO -- : 0:  cancancan (1.8.1) from /home/enbake/.rvm/gems/ruby-2.1.0@puneet/specifications/cancancan-1.8.1.gemspec
I, [2014-05-31T14:46:50.844014 #17851]  INFO -- : 0:  coffee-script-source (1.7.0) from /home/enbake/.rvm/gems/ruby-2.1.0@puneet/specifications/coffee-script-source-1.7.0.gemspec
I, [2014-05-31T14:46:50.844897 #17851]  INFO -- : 0:  execjs (2.0.2) from /home/enbake/.rvm/gems/ruby-2.1.0@puneet/specifications/execjs-2.0.2.gemspec
I, [2014-05-31T14:46:50.845856 #17851]  INFO -- : 0:  coffee-script (2.2.0) from /home/enbake/.rvm/gems/ruby-2.1.0@puneet/specifications/coffee-script-2.2.0.gemspec
I, [2014-05-31T14:46:50.846745 #17851]  INFO -- : 0:  railties (4.1.0) from /home/enbake/.rvm/gems/ruby-2.1.0@puneet/specifications/railties-4.1.0.gemspec
I, [2014-05-31T14:46:50.847740 #17851]  INFO -- : 0:  coffee-rails (4.0.1) from /home/enbake/.rvm/gems/ruby-2.1.0@puneet/specifications/coffee-rails-4.0.1.gemspec
I, [2014-05-31T14:46:50.848612 #17851]  INFO -- : 0:  columnize (0.3.6) from /home/enbake/.rvm/gems/ruby-2.1.0@puneet/specifications/columnize-0.3.6.gemspec
I, [2014-05-31T14:46:50.849557 #17851]  INFO -- : 0:  debugger-linecache (1.2.0) from /home/enbake/.rvm/gems/ruby-2.1.0@puneet/specifications/debugger-linecache-1.2.0.gemspec
I, [2014-05-31T14:46:50.850390 #17851]  INFO -- : 0:  debugger-ruby_core_source (1.3.2) from /home/enbake/.rvm/gems/ruby-2.1.0@puneet/specifications/debugger-ruby_core_source-1.3.2.gemspec
I, [2014-05-31T14:46:50.851272 #17851]  INFO -- : 0:  debugger (1.6.6) from /home/enbake/.rvm/gems/ruby-2.1.0@puneet/specifications/debugger-1.6.6.gemspec
I, [2014-05-31T14:46:50.851717 #17851]  INFO -- : 0:  orm_adapter (0.5.0) from /home/enbake/.rvm/gems/ruby-2.1.0@puneet/specifications/orm_adapter-0.5.0.gemspec
I, [2014-05-31T14:46:50.852162 #17851]  INFO -- : 0:  warden (1.2.3) from /home/enbake/.rvm/gems/ruby-2.1.0@puneet/specifications/warden-1.2.3.gemspec
I, [2014-05-31T14:46:50.852639 #17851]  INFO -- : 0:  devise (3.2.4) from /home/enbake/.rvm/gems/ruby-2.1.0@puneet/specifications/devise-3.2.4.gemspec
I, [2014-05-31T14:46:50.853073 #17851]  INFO -- : 0:  multipart-post (2.0.0) from /home/enbake/.rvm/gems/ruby-2.1.0@puneet/specifications/multipart-post-2.0.0.gemspec
I, [2014-05-31T14:46:50.853542 #17851]  INFO -- : 0:  faraday (0.9.0) from /home/enbake/.rvm/gems/ruby-2.1.0@puneet/specifications/faraday-0.9.0.gemspec
I, [2014-05-31T14:46:50.853975 #17851]  INFO -- : 0:  tilt (1.4.1) from /home/enbake/.rvm/gems/ruby-2.1.0@puneet/specifications/tilt-1.4.1.gemspec
I, [2014-05-31T14:46:50.854442 #17851]  INFO -- : 0:  haml (4.0.5) from /home/enbake/.rvm/gems/ruby-2.1.0@puneet/specifications/haml-4.0.5.gemspec
I, [2014-05-31T14:46:50.854935 #17851]  INFO -- : 0:  haml-rails (0.5.3) from /home/enbake/.rvm/gems/ruby-2.1.0@puneet/specifications/haml-rails-0.5.3.gemspec
I, [2014-05-31T14:46:50.855476 #17851]  INFO -- : 0:  hashie (2.1.1) from /home/enbake/.rvm/gems/ruby-2.1.0@puneet/specifications/hashie-2.1.1.gemspec
I, [2014-05-31T14:46:50.856060 #17851]  INFO -- : 0:  hike (1.2.3) from /home/enbake/.rvm/gems/ruby-2.1.0@puneet/specifications/hike-1.2.3.gemspec
I, [2014-05-31T14:46:50.856647 #17851]  INFO -- : 0:  multi_json (1.9.2) from /home/enbake/.rvm/gems/ruby-2.1.0@puneet/specifications/multi_json-1.9.2.gemspec
I, [2014-05-31T14:46:50.857244 #17851]  INFO -- : 0:  jbuilder (2.0.6) from /home/enbake/.rvm/gems/ruby-2.1.0@puneet/specifications/jbuilder-2.0.6.gemspec
I, [2014-05-31T14:46:50.857781 #17851]  INFO -- : 0:  jquery-rails (3.1.0) from /home/enbake/.rvm/gems/ruby-2.1.0@puneet/specifications/jquery-rails-3.1.0.gemspec
I, [2014-05-31T14:46:50.858375 #17851]  INFO -- : 0:  jwt (0.1.13) from /home/enbake/.rvm/gems/ruby-2.1.0@puneet/specifications/jwt-0.1.13.gemspec
I, [2014-05-31T14:46:50.858927 #17851]  INFO -- : 0:  multi_xml (0.5.5) from /home/enbake/.rvm/gems/ruby-2.1.0@puneet/specifications/multi_xml-0.5.5.gemspec
I, [2014-05-31T14:46:50.859531 #17851]  INFO -- : 0:  oauth (0.4.7) from /home/enbake/.rvm/gems/ruby-2.1.0@puneet/specifications/oauth-0.4.7.gemspec
I, [2014-05-31T14:46:50.860079 #17851]  INFO -- : 0:  oauth2 (0.9.3) from /home/enbake/.rvm/gems/ruby-2.1.0@puneet/specifications/oauth2-0.9.3.gemspec
I, [2014-05-31T14:46:50.860641 #17851]  INFO -- : 0:  omniauth (1.2.1) from /home/enbake/.rvm/gems/ruby-2.1.0@puneet/specifications/omniauth-1.2.1.gemspec
I, [2014-05-31T14:46:50.861247 #17851]  INFO -- : 0:  omniauth-oauth2 (1.1.2) from /home/enbake/.rvm/gems/ruby-2.1.0@puneet/specifications/omniauth-oauth2-1.1.2.gemspec
I, [2014-05-31T14:46:50.861789 #17851]  INFO -- : 0:  omniauth-facebook (1.6.0) from /home/enbake/.rvm/gems/ruby-2.1.0@puneet/specifications/omniauth-facebook-1.6.0.gemspec
I, [2014-05-31T14:46:50.862380 #17851]  INFO -- : 0:  omniauth-google-oauth2 (0.2.4) from /home/enbake/.rvm/gems/ruby-2.1.0@puneet/specifications/omniauth-google-oauth2-0.2.4.gemspec
I, [2014-05-31T14:46:50.862943 #17851]  INFO -- : 0:  omniauth-oauth (1.0.1) from /home/enbake/.rvm/gems/ruby-2.1.0@puneet/specifications/omniauth-oauth-1.0.1.gemspec
I, [2014-05-31T14:46:50.863568 #17851]  INFO -- : 0:  omniauth-linkedin (0.1.0) from /home/enbake/.rvm/gems/ruby-2.1.0@puneet/specifications/omniauth-linkedin-0.1.0.gemspec
I, [2014-05-31T14:46:50.864124 #17851]  INFO -- : 0:  pg (0.17.1) from /home/enbake/.rvm/gems/ruby-2.1.0@puneet/specifications/pg-0.17.1.gemspec
I, [2014-05-31T14:46:50.864663 #17851]  INFO -- : 0:  sprockets (2.11.0) from /home/enbake/.rvm/gems/ruby-2.1.0@puneet/specifications/sprockets-2.11.0.gemspec
I, [2014-05-31T14:46:50.865277 #17851]  INFO -- : 0:  sprockets-rails (2.1.3) from /home/enbake/.rvm/gems/ruby-2.1.0@puneet/specifications/sprockets-rails-2.1.3.gemspec
I, [2014-05-31T14:46:50.865842 #17851]  INFO -- : 0:  rails (4.1.0) from /home/enbake/.rvm/gems/ruby-2.1.0@puneet/specifications/rails-4.1.0.gemspec
I, [2014-05-31T14:46:50.866508 #17851]  INFO -- : 0:  rails_layout (1.0.14) from /home/enbake/.rvm/gems/ruby-2.1.0@puneet/specifications/rails_layout-1.0.14.gemspec
I, [2014-05-31T14:46:50.867084 #17851]  INFO -- : 0:  rdoc (4.1.1) from /home/enbake/.rvm/gems/ruby-2.1.0@puneet/specifications/rdoc-4.1.1.gemspec
I, [2014-05-31T14:46:50.867585 #17851]  INFO -- : 0:  sass-rails (4.0.3) from /home/enbake/.rvm/gems/ruby-2.1.0@puneet/specifications/sass-rails-4.0.3.gemspec
I, [2014-05-31T14:46:50.868027 #17851]  INFO -- : 0:  sdoc (0.4.0) from /home/enbake/.rvm/gems/ruby-2.1.0@puneet/specifications/sdoc-0.4.0.gemspec
I, [2014-05-31T14:46:50.868522 #17851]  INFO -- : 0:  spring (1.1.2) from /home/enbake/.rvm/gems/ruby-2.1.0@puneet/specifications/spring-1.1.2.gemspec
I, [2014-05-31T14:46:50.868961 #17851]  INFO -- : 0:  turbolinks (2.2.2) from /home/enbake/.rvm/gems/ruby-2.1.0@puneet/specifications/turbolinks-2.2.2.gemspec
I, [2014-05-31T14:46:50.869368 #17851]  INFO -- : 0:  uglifier (2.5.0) from /home/enbake/.rvm/gems/ruby-2.1.0@puneet/specifications/uglifier-2.5.0.gemspec
